{"timestamp":"2025-11-28T11:20:06,075","container":"0b061e42013b","level":"INFO","thread":"main","class":"Besu","message":"Starting Besu","throwable":""}
{"timestamp":"2025-11-28T11:20:07,298","container":"0b061e42013b","level":"WARN","thread":"main","class":"Besu","message":"--min-gas-price has been ignored because --miner-enabled was not defined on the command line.","throwable":""}
{"timestamp":"2025-11-28T11:20:08,051","container":"0b061e42013b","level":"WARN","thread":"main","class":"Besu","message":"--rpc-http-tls-known-clients-file has been ignored because --rpc-http-tls-client-auth-enabled was not defined on the command line.","throwable":""}
{"timestamp":"2025-11-28T11:20:08,577","container":"0b061e42013b","level":"WARN","thread":"main","class":"Besu","message":"--rpc-ws-host and --rpc-ws-api has been ignored because --rpc-ws-enabled was not defined on the command line.","throwable":""}
{"timestamp":"2025-11-28T11:20:09,052","container":"0b061e42013b","level":"INFO","thread":"main","class":"Besu","message":"
####################################################################################################
#                                                                                                  #
# Besu version 23.4.1                                                                              #
#                                                                                                  #
# Configuration:                                                                                   #
# Network: Custom genesis file specified                                                           #
# Network Id: 1337                                                                                 #
# Data storage: Forest                                                                             #
# Sync mode: Full                                                                                  #
# RPC HTTP APIs: EEA,WEB3,ETH,NET,TRACE,DEBUG,ADMIN,TXPOOL,PRIV,PERM,QBFT                          #
# RPC HTTP port: 8545                                                                              #
#                                                                                                  #
# Host:                                                                                            #
# Java: openjdk-java-17                                                                            #
# Maximum heap size: 3.81 GB                                                                       #
# OS: linux-x86_64                                                                                 #
# glibc: 2.35                                                                                      #
# jemalloc: 5.2.1-0-gea6b3e973b477b8061e0076bb257dbd7f3faa756                                      #
# Total memory: 15.25 GB                                                                           #
# CPU cores: 16                                                                                    #
#                                                                                                  #
####################################################################################################","throwable":""}
{"timestamp":"2025-11-28T11:20:09,052","container":"0b061e42013b","level":"INFO","thread":"main","class":"Besu","message":"Connecting to 8 static nodes.","throwable":""}
{"timestamp":"2025-11-28T11:20:09,053","container":"0b061e42013b","level":"INFO","thread":"main","class":"Besu","message":"Security Module: localfile","throwable":""}
{"timestamp":"2025-11-28T11:20:09,087","container":"0b061e42013b","level":"INFO","thread":"main","class":"Besu","message":"Using the native implementation of alt bn128","throwable":""}
{"timestamp":"2025-11-28T11:20:09,122","container":"0b061e42013b","level":"INFO","thread":"main","class":"Besu","message":"Using the native implementation of modexp","throwable":""}
{"timestamp":"2025-11-28T11:20:09,124","container":"0b061e42013b","level":"INFO","thread":"main","class":"Besu","message":"Using the native implementation of the signature algorithm","throwable":""}
{"timestamp":"2025-11-28T11:20:09,128","container":"0b061e42013b","level":"INFO","thread":"main","class":"Besu","message":"Using the native implementation of the blake2bf algorithm","throwable":""}
{"timestamp":"2025-11-28T11:20:09,172","container":"0b061e42013b","level":"INFO","thread":"main","class":"RocksDBKeyValueStorageFactory","message":"No existing database detected at /opt/besu/data. Using version 1","throwable":""}
{"timestamp":"2025-11-28T11:20:11,037","container":"0b061e42013b","level":"INFO","thread":"main","class":"KeyPairUtil","message":"Loaded public key 0xad2c79c6561bc8212c2e8382611c62e406e767d1f3106c68ca206900f575cb8ba9a8be111c645cd9803701d684454c782c40d2361b000a32ed03d26228b30ec1 from /opt/besu/keys/nodekey","throwable":""}
{"timestamp":"2025-11-28T11:20:11,043","container":"0b061e42013b","level":"INFO","thread":"main","class":"RocksDBKeyValuePrivacyStorageFactory","message":"No existing private database detected at /opt/besu/data. Using version 1","throwable":""}
{"timestamp":"2025-11-28T11:20:11,381","container":"0b061e42013b","level":"INFO","thread":"main","class":"ProtocolScheduleBuilder","message":"Protocol schedule created with milestones: [GrayGlacier: 0]","throwable":""}
{"timestamp":"2025-11-28T11:20:11,537","container":"0b061e42013b","level":"INFO","thread":"main","class":"TransactionPoolFactory","message":"Enabling transaction pool","throwable":""}
{"timestamp":"2025-11-28T11:20:11,558","container":"0b061e42013b","level":"INFO","thread":"main","class":"BesuControllerBuilder","message":"TTD difficulty is not present, creating initial sync phase for PoW","throwable":""}
{"timestamp":"2025-11-28T11:20:11,640","container":"0b061e42013b","level":"INFO","thread":"main","class":"RunnerBuilder","message":"Detecting NAT service.","throwable":""}
{"timestamp":"2025-11-28T11:20:12,485","container":"0b061e42013b","level":"INFO","thread":"main","class":"Runner","message":"Starting external services ... ","throwable":""}
{"timestamp":"2025-11-28T11:20:12,505","container":"0b061e42013b","level":"INFO","thread":"main","class":"MetricsHttpService","message":"Starting metrics http service on 0.0.0.0:9545","throwable":""}
{"timestamp":"2025-11-28T11:20:12,800","container":"0b061e42013b","level":"INFO","thread":"main","class":"JsonRpcHttpService","message":"Starting JSON-RPC service on 0.0.0.0:8545","throwable":""}
{"timestamp":"2025-11-28T11:20:12,800","container":"0b061e42013b","level":"INFO","thread":"vert.x-eventloop-thread-2","class":"MetricsHttpService","message":"Metrics service started and listening on 0.0.0.0:9545","throwable":""}
{"timestamp":"2025-11-28T11:20:13,215","container":"0b061e42013b","level":"INFO","thread":"vert.x-eventloop-thread-2","class":"JsonRpcHttpService","message":"JSON-RPC service started and listening on 0.0.0.0:8545 with TLS enabled.","throwable":""}
{"timestamp":"2025-11-28T11:20:13,216","container":"0b061e42013b","level":"INFO","thread":"main","class":"GraphQLHttpService","message":"Starting GraphQL HTTP service on 0.0.0.0:8547","throwable":""}
{"timestamp":"2025-11-28T11:20:13,223","container":"0b061e42013b","level":"INFO","thread":"vert.x-eventloop-thread-2","class":"GraphQLHttpService","message":"GraphQL HTTP service started and listening on 0.0.0.0:8547","throwable":""}
{"timestamp":"2025-11-28T11:20:13,234","container":"0b061e42013b","level":"INFO","thread":"main","class":"AutoTransactionLogBloomCachingService","message":"Starting auto transaction log bloom caching service.","throwable":""}
{"timestamp":"2025-11-28T11:20:13,237","container":"0b061e42013b","level":"INFO","thread":"main","class":"LogBloomCacheMetadata","message":"Lookup cache metadata file in data directory: /opt/besu/data/caches","throwable":""}
{"timestamp":"2025-11-28T11:20:13,320","container":"0b061e42013b","level":"INFO","thread":"main","class":"Runner","message":"Starting Ethereum main loop ... ","throwable":""}
{"timestamp":"2025-11-28T11:20:13,320","container":"0b061e42013b","level":"INFO","thread":"main","class":"NatService","message":"No NAT environment detected so no service could be started","throwable":""}
{"timestamp":"2025-11-28T11:20:13,320","container":"0b061e42013b","level":"INFO","thread":"main","class":"NetworkRunner","message":"Starting Network.","throwable":""}
{"timestamp":"2025-11-28T11:20:13,347","container":"0b061e42013b","level":"INFO","thread":"nioEventLoopGroup-2-1","class":"RlpxAgent","message":"P2P RLPx agent started and listening on /[0:0:0:0:0:0:0:0]:30303.","throwable":""}
{"timestamp":"2025-11-28T11:20:13,348","container":"0b061e42013b","level":"INFO","thread":"main","class":"PeerDiscoveryAgent","message":"Starting peer discovery agent on host=0.0.0.0, port=30303","throwable":""}
{"timestamp":"2025-11-28T11:20:13,372","container":"0b061e42013b","level":"INFO","thread":"vert.x-eventloop-thread-2","class":"VertxPeerDiscoveryAgent","message":"Started peer discovery agent successfully, on effective host=0:0:0:0:0:0:0:0%0 and port=30303","throwable":""}
{"timestamp":"2025-11-28T11:20:13,374","container":"0b061e42013b","level":"INFO","thread":"main","class":"PeerDiscoveryAgent","message":"P2P peer discovery agent started and listening on /[0:0:0:0:0:0:0:0%0]:30303","throwable":""}
{"timestamp":"2025-11-28T11:20:13,576","container":"0b061e42013b","level":"INFO","thread":"main","class":"PeerDiscoveryAgent","message":"Writing node record to disk. NodeRecord{seq=1, publicKey=0x03ad2c79c6561bc8212c2e8382611c62e406e767d1f3106c68ca206900f575cb8b, udpAddress=Optional[/172.16.239.17:30303], tcpAddress=Optional[/172.16.239.17:30303], asBase64=-Je4QCRHnUhfDo8gYRE-QVoGdAlsEsvDhVfc6rl6Ah2bAEM2T7dvbYCxgeyjTqEVnL_V_KVaupYijX6b2t3MB34dBY4Bg2V0aMfGhEqC0IOAgmlkgnY0gmlwhKwQ7xGJc2VjcDI1NmsxoQOtLHnGVhvIISwug4JhHGLkBudn0fMQbGjKIGkA9XXLi4N0Y3CCdl-DdWRwgnZf, nodeId=0x77e699b8a5282fa3837e39b3e090a28b8a9d0a69ec259cb745036d5d1030e3ea, customFields={tcp=30303, udp=30303, ip=0xac10ef11, eth=[[0x4a82d083, 0x]], id=V4, secp256k1=0x03ad2c79c6561bc8212c2e8382611c62e406e767d1f3106c68ca206900f575cb8b}}","throwable":""}
{"timestamp":"2025-11-28T11:20:13,659","container":"0b061e42013b","level":"INFO","thread":"main","class":"DefaultP2PNetwork","message":"Enode URL enode://ad2c79c6561bc8212c2e8382611c62e406e767d1f3106c68ca206900f575cb8ba9a8be111c645cd9803701d684454c782c40d2361b000a32ed03d26228b30ec1@172.16.239.17:30303","throwable":""}
{"timestamp":"2025-11-28T11:20:13,659","container":"0b061e42013b","level":"INFO","thread":"main","class":"DefaultP2PNetwork","message":"Node address 0xe090a28b8a9d0a69ec259cb745036d5d1030e3ea","throwable":""}
{"timestamp":"2025-11-28T11:20:13,700","container":"0b061e42013b","level":"INFO","thread":"main","class":"NetworkRunner","message":"Supported capabilities: [eth/62, eth/63, eth/64, eth/65, eth/66, eth/67, eth/68], [istanbul/100], [snap/1]","throwable":""}
{"timestamp":"2025-11-28T11:20:13,700","container":"0b061e42013b","level":"INFO","thread":"main","class":"DefaultSynchronizer","message":"Starting synchronizer.","throwable":""}
{"timestamp":"2025-11-28T11:20:13,705","container":"0b061e42013b","level":"INFO","thread":"main","class":"TransactionPoolFactory","message":"Enabling transaction handling following initial sync","throwable":""}
{"timestamp":"2025-11-28T11:20:13,809","container":"0b061e42013b","level":"INFO","thread":"main","class":"FullSyncDownloader","message":"Starting full sync.","throwable":""}
{"timestamp":"2025-11-28T11:20:13,809","container":"0b061e42013b","level":"INFO","thread":"main","class":"FullSyncTargetManager","message":"Unable to find sync target. Currently checking 0 peers for usefulness","throwable":""}
{"timestamp":"2025-11-28T11:20:13,954","container":"0b061e42013b","level":"INFO","thread":"main","class":"Runner","message":"Ethereum main loop is up.","throwable":""}
{"timestamp":"2025-11-28T11:20:14,554","container":"0b061e42013b","level":"INFO","thread":"nioEventLoopGroup-3-10","class":"FullSyncTargetManager","message":"Unable to find sync target. Currently checking 1 peers for usefulness","throwable":""}
{"timestamp":"2025-11-28T11:20:14,645","container":"0b061e42013b","level":"INFO","thread":"nioEventLoopGroup-3-1","class":"FullSyncTargetManager","message":"Unable to find sync target. Currently checking 2 peers for usefulness","throwable":""}
{"timestamp":"2025-11-28T11:20:14,681","container":"0b061e42013b","level":"INFO","thread":"nioEventLoopGroup-3-4","class":"FullSyncTargetManager","message":"Unable to find sync target. Currently checking 3 peers for usefulness","throwable":""}
{"timestamp":"2025-11-28T11:20:14,701","container":"0b061e42013b","level":"INFO","thread":"nioEventLoopGroup-3-9","class":"FullSyncTargetManager","message":"Unable to find sync target. Currently checking 5 peers for usefulness","throwable":""}
{"timestamp":"2025-11-28T11:20:14,704","container":"0b061e42013b","level":"INFO","thread":"nioEventLoopGroup-3-5","class":"FullSyncTargetManager","message":"Unable to find sync target. Currently checking 6 peers for usefulness","throwable":""}
{"timestamp":"2025-11-28T11:20:14,709","container":"0b061e42013b","level":"INFO","thread":"nioEventLoopGroup-3-6","class":"FullSyncTargetManager","message":"Unable to find sync target. Currently checking 7 peers for usefulness","throwable":""}
{"timestamp":"2025-11-28T11:20:19,712","container":"0b061e42013b","level":"INFO","thread":"EthScheduler-Timer-0","class":"FullSyncTargetManager","message":"Unable to find sync target. Currently checking 7 peers for usefulness","throwable":""}
{"timestamp":"2025-11-28T11:20:24,621","container":"0b061e42013b","level":"INFO","thread":"EthScheduler-Workers-0","class":"PersistBlockTask","message":"Imported #1 / 0 tx / 0 om / 0 (0.0%) gas / (0xdf7dae0e8f0f3c7fe3e979a69b07991737f92ea77dfd04c07d73c7ae67435cdc) in 0.019s. Peers: 7","throwable":""}
{"timestamp":"2025-11-28T11:20:24,714","container":"0b061e42013b","level":"INFO","thread":"EthScheduler-Timer-0","class":"FullSyncTargetManager","message":"Unable to find sync target. Currently checking 7 peers for usefulness","throwable":""}
{"timestamp":"2025-11-28T11:20:29,042","container":"0b061e42013b","level":"INFO","thread":"EthScheduler-Workers-0","class":"PersistBlockTask","message":"Imported #2 / 0 tx / 0 om / 0 (0.0%) gas / (0x56ff1df15f76de523581637271469aab01378303d4eab7944ac6d9a1a7b9bd7e) in 0.009s. Peers: 7","throwable":""}
{"timestamp":"2025-11-28T11:20:34,043","container":"0b061e42013b","level":"INFO","thread":"EthScheduler-Workers-0","class":"PersistBlockTask","message":"Imported #3 / 0 tx / 0 om / 0 (0.0%) gas / (0x3ad428b50d568bed07dcc9c01432faf9b6f7361f2a88275fc380fd239a81304d) in 0.011s. Peers: 7","throwable":""}
{"timestamp":"2025-11-28T11:20:39,027","container":"0b061e42013b","level":"INFO","thread":"EthScheduler-Workers-0","class":"PersistBlockTask","message":"Imported #4 / 0 tx / 0 om / 0 (0.0%) gas / (0x9c637a87a9a623fc984a5bfe4e14c06afa8b6f6ef169e07235a82d294c4d1cd8) in 0.005s. Peers: 7","throwable":""}
{"timestamp":"2025-11-28T11:20:44,035","container":"0b061e42013b","level":"INFO","thread":"EthScheduler-Workers-0","class":"PersistBlockTask","message":"Imported #5 / 0 tx / 0 om / 0 (0.0%) gas / (0x8e450c8873bee887a9c5825a9fd3f3883c74e7f645fd611ccba597ce657225e0) in 0.005s. Peers: 7","throwable":""}
{"timestamp":"2025-11-28T11:20:49,020","container":"0b061e42013b","level":"INFO","thread":"EthScheduler-Workers-0","class":"PersistBlockTask","message":"Imported #6 / 0 tx / 0 om / 0 (0.0%) gas / (0x26277aa3c668ea93d4c8813e432d5d08b0ffe8ef0a320db9d4185a5a121e68a4) in 0.004s. Peers: 7","throwable":""}
{"timestamp":"2025-11-28T11:20:54,041","container":"0b061e42013b","level":"INFO","thread":"EthScheduler-Workers-0","class":"PersistBlockTask","message":"Imported #7 / 0 tx / 0 om / 0 (0.0%) gas / (0x346389db373e38389c8c6e0d7ab7dbe7489a7ac9dd0414072d867675c0229109) in 0.009s. Peers: 7","throwable":""}
{"timestamp":"2025-11-28T11:20:59,051","container":"0b061e42013b","level":"INFO","thread":"EthScheduler-Workers-0","class":"PersistBlockTask","message":"Imported #8 / 0 tx / 0 om / 0 (0.0%) gas / (0x6b4f681dbaa1a21c905cde6813f4ba8218fe4ec9d2b038941149d9e6454d4fc7) in 0.009s. Peers: 7","throwable":""}
{"timestamp":"2025-11-28T11:21:04,042","container":"0b061e42013b","level":"INFO","thread":"EthScheduler-Workers-0","class":"PersistBlockTask","message":"Imported #9 / 0 tx / 0 om / 0 (0.0%) gas / (0x8f102b78251cf6c9d46e644ae2d4f739d2bf654b908d30036b7b5a7573ccce3b) in 0.008s. Peers: 7","throwable":""}
{"timestamp":"2025-11-28T11:21:09,052","container":"0b061e42013b","level":"INFO","thread":"EthScheduler-Workers-0","class":"PersistBlockTask","message":"Imported #10 / 0 tx / 0 om / 0 (0.0%) gas / (0x92577cc0106dde5beaf31bece9a7f604c60f1f7d7243b92bb6210f25b1f5ca25) in 0.008s. Peers: 7","throwable":""}
{"timestamp":"2025-11-28T11:21:14,054","container":"0b061e42013b","level":"INFO","thread":"EthScheduler-Workers-0","class":"PersistBlockTask","message":"Imported #11 / 0 tx / 0 om / 0 (0.0%) gas / (0xf4fc421b781bed31af0a0f23c1a15b23b605b3a0cee563a785de0511a267d699) in 0.005s. Peers: 7","throwable":""}
{"timestamp":"2025-11-28T11:21:19,037","container":"0b061e42013b","level":"INFO","thread":"EthScheduler-Workers-0","class":"PersistBlockTask","message":"Imported #12 / 0 tx / 0 om / 0 (0.0%) gas / (0x4e8995e110304a804da0ee124238824ed301e9f309e9edb7aafbae0a1ec78f15) in 0.009s. Peers: 7","throwable":""}
{"timestamp":"2025-11-28T11:21:24,060","container":"0b061e42013b","level":"INFO","thread":"EthScheduler-Workers-0","class":"PersistBlockTask","message":"Imported #13 / 0 tx / 0 om / 0 (0.0%) gas / (0xf0f4ed2785706f7fe88361ff9c5d949af9e6835a9b67eb587ee5aaa3b95ed963) in 0.007s. Peers: 7","throwable":""}
{"timestamp":"2025-11-28T11:21:29,045","container":"0b061e42013b","level":"INFO","thread":"EthScheduler-Workers-0","class":"PersistBlockTask","message":"Imported #14 / 0 tx / 0 om / 0 (0.0%) gas / (0x0fb7dc5c6140fff1412a9c96226462e3be7387576fd7843da92d6918ed48d45d) in 0.006s. Peers: 7","throwable":""}
{"timestamp":"2025-11-28T11:21:34,053","container":"0b061e42013b","level":"INFO","thread":"EthScheduler-Workers-0","class":"PersistBlockTask","message":"Imported #15 / 0 tx / 0 om / 0 (0.0%) gas / (0x6c8255b6e7ffc277e4d493924ccaea5129a4b933adaeec0e56d6ebf61ad71d71) in 0.011s. Peers: 7","throwable":""}
{"timestamp":"2025-11-28T11:21:39,031","container":"0b061e42013b","level":"INFO","thread":"EthScheduler-Workers-0","class":"PersistBlockTask","message":"Imported #16 / 0 tx / 0 om / 0 (0.0%) gas / (0x05b5dcf744e1b4cfd59923672f85a5808cc8a2b33a035e4b551606568be527db) in 0.011s. Peers: 7","throwable":""}
{"timestamp":"2025-11-28T11:21:44,038","container":"0b061e42013b","level":"INFO","thread":"EthScheduler-Workers-0","class":"PersistBlockTask","message":"Imported #17 / 0 tx / 0 om / 0 (0.0%) gas / (0xde4522b5d2c35357aed851718d5a402ed801d1006b3dfcc3d9c30e076604e224) in 0.005s. Peers: 7","throwable":""}
{"timestamp":"2025-11-28T11:21:49,036","container":"0b061e42013b","level":"INFO","thread":"EthScheduler-Workers-0","class":"PersistBlockTask","message":"Imported #18 / 0 tx / 0 om / 0 (0.0%) gas / (0xbec09b74bf1b1aa8e80fc8ace5ae5007025d8da3a710bcfc9c9f6ae638ddbd05) in 0.005s. Peers: 7","throwable":""}
{"timestamp":"2025-11-28T11:21:54,053","container":"0b061e42013b","level":"INFO","thread":"EthScheduler-Workers-0","class":"PersistBlockTask","message":"Imported #19 / 0 tx / 0 om / 0 (0.0%) gas / (0xc991cc542e2fa58e0f521a8c03b1c27bd5eca2ebf2d2a4fe9a4d225eb16fbbb3) in 0.005s. Peers: 7","throwable":""}
{"timestamp":"2025-11-28T11:21:59,032","container":"0b061e42013b","level":"INFO","thread":"EthScheduler-Workers-0","class":"PersistBlockTask","message":"Imported #20 / 0 tx / 0 om / 0 (0.0%) gas / (0x0a824441f7119371fc5cc8e8c9be98200a3361cb82cffc6e6596f64f004619cd) in 0.004s. Peers: 7","throwable":""}
{"timestamp":"2025-11-28T11:22:04,019","container":"0b061e42013b","level":"INFO","thread":"EthScheduler-Workers-0","class":"PersistBlockTask","message":"Imported #21 / 0 tx / 0 om / 0 (0.0%) gas / (0x851a548c8900befc347246021ef21a4ffe4ae84fa61db7b264a4434da1f5e5d7) in 0.002s. Peers: 7","throwable":""}
{"timestamp":"2025-11-28T11:22:09,052","container":"0b061e42013b","level":"INFO","thread":"EthScheduler-Workers-0","class":"PersistBlockTask","message":"Imported #22 / 0 tx / 0 om / 0 (0.0%) gas / (0x5892c61c3699d88cfd13d55c16a96d20ce857a4b7037c9b6b82cb2c4ca65f711) in 0.011s. Peers: 7","throwable":""}
{"timestamp":"2025-11-28T11:22:14,025","container":"0b061e42013b","level":"INFO","thread":"EthScheduler-Workers-0","class":"PersistBlockTask","message":"Imported #23 / 0 tx / 0 om / 0 (0.0%) gas / (0xc81130cbcd51d78039bec6c5a03bff36af5826c80056428f0b9f3540ccaae983) in 0.003s. Peers: 7","throwable":""}
{"timestamp":"2025-11-28T11:22:19,020","container":"0b061e42013b","level":"INFO","thread":"EthScheduler-Workers-0","class":"PersistBlockTask","message":"Imported #24 / 0 tx / 0 om / 0 (0.0%) gas / (0xe87090a43e31f1a92e58fdd609e7dd3a0dda90caed7db4d203c613f1914fddb4) in 0.001s. Peers: 7","throwable":""}
{"timestamp":"2025-11-28T11:22:24,026","container":"0b061e42013b","level":"INFO","thread":"EthScheduler-Workers-0","class":"PersistBlockTask","message":"Imported #25 / 0 tx / 0 om / 0 (0.0%) gas / (0x00ab7524a5645c9726b4dcf981682da82091646b42f5ca3ba31f52c80b391bd0) in 0.002s. Peers: 7","throwable":""}
{"timestamp":"2025-11-28T11:22:29,045","container":"0b061e42013b","level":"INFO","thread":"EthScheduler-Workers-0","class":"PersistBlockTask","message":"Imported #26 / 0 tx / 0 om / 0 (0.0%) gas / (0xa735a72da5d25e7d97e1594493378eadc3d76b674225afa681e10203d3ce41d4) in 0.008s. Peers: 7","throwable":""}
{"timestamp":"2025-11-28T11:22:34,039","container":"0b061e42013b","level":"INFO","thread":"EthScheduler-Workers-0","class":"PersistBlockTask","message":"Imported #27 / 0 tx / 0 om / 0 (0.0%) gas / (0x7cc6075030641bc6ff28fd9476ef005309aa491290eb701d126689a5609e7c80) in 0.009s. Peers: 7","throwable":""}
{"timestamp":"2025-11-28T11:22:39,019","container":"0b061e42013b","level":"INFO","thread":"EthScheduler-Workers-0","class":"PersistBlockTask","message":"Imported #28 / 0 tx / 0 om / 0 (0.0%) gas / (0x84e89d0cda6b14fd7d86f894550b58b83b916f5f0bc1876aeb1cbe948227cc28) in 0.002s. Peers: 7","throwable":""}
{"timestamp":"2025-11-28T11:22:44,029","container":"0b061e42013b","level":"INFO","thread":"EthScheduler-Workers-0","class":"PersistBlockTask","message":"Imported #29 / 0 tx / 0 om / 0 (0.0%) gas / (0x67115cdce20d3dc894205139e8b5a6873a7fa4f56897649c5fb371ab839cedcd) in 0.006s. Peers: 7","throwable":""}
{"timestamp":"2025-11-28T11:22:49,037","container":"0b061e42013b","level":"INFO","thread":"EthScheduler-Workers-0","class":"PersistBlockTask","message":"Imported #30 / 0 tx / 0 om / 0 (0.0%) gas / (0x8ca9c421f98b8fa7092ed52904983224b83aad67d87724a1baa6ff7ae21d5abb) in 0.003s. Peers: 7","throwable":""}
{"timestamp":"2025-11-28T11:22:54,015","container":"0b061e42013b","level":"INFO","thread":"EthScheduler-Workers-0","class":"PersistBlockTask","message":"Imported #31 / 0 tx / 0 om / 0 (0.0%) gas / (0x78008f831f08b8422dd6547d6178e9fd9aa0115514c53c6bf8a9c84da2fbce89) in 0.001s. Peers: 7","throwable":""}
{"timestamp":"2025-11-28T11:22:59,029","container":"0b061e42013b","level":"INFO","thread":"EthScheduler-Workers-0","class":"PersistBlockTask","message":"Imported #32 / 0 tx / 0 om / 0 (0.0%) gas / (0x43b02b06adcf9bac254410c4f9d516cb4f3b8f50cc6dea731b63ac0387e9a600) in 0.005s. Peers: 7","throwable":""}
{"timestamp":"2025-11-28T11:23:04,032","container":"0b061e42013b","level":"INFO","thread":"EthScheduler-Workers-0","class":"PersistBlockTask","message":"Imported #33 / 0 tx / 0 om / 0 (0.0%) gas / (0x4a940cb1070a7befa30280fd127e8a7a49866fe2cb9554d87cd1d9c8889e5630) in 0.005s. Peers: 7","throwable":""}
{"timestamp":"2025-11-28T11:23:09,027","container":"0b061e42013b","level":"INFO","thread":"EthScheduler-Workers-0","class":"PersistBlockTask","message":"Imported #34 / 0 tx / 0 om / 0 (0.0%) gas / (0x4ef6ee1a7a499a58fac0171ddca2b8a75fdda8274dbf9983ef0895b8e91c8598) in 0.006s. Peers: 7","throwable":""}
{"timestamp":"2025-11-28T11:23:14,041","container":"0b061e42013b","level":"INFO","thread":"EthScheduler-Workers-0","class":"PersistBlockTask","message":"Imported #35 / 0 tx / 0 om / 0 (0.0%) gas / (0xaf971e367659c867b97be2f0fdb8946f45cf1caa495f0e040a03df223bdc3051) in 0.007s. Peers: 7","throwable":""}
{"timestamp":"2025-11-28T11:23:19,041","container":"0b061e42013b","level":"INFO","thread":"EthScheduler-Workers-0","class":"PersistBlockTask","message":"Imported #36 / 0 tx / 0 om / 0 (0.0%) gas / (0xd8455601a68f56092018a02b03ba54971ff0b44b0d44fac3f0e2a9cc56526b76) in 0.015s. Peers: 7","throwable":""}
{"timestamp":"2025-11-28T11:23:24,021","container":"0b061e42013b","level":"INFO","thread":"EthScheduler-Workers-0","class":"PersistBlockTask","message":"Imported #37 / 0 tx / 0 om / 0 (0.0%) gas / (0x6381978afaf56b55f89281cfee59ed2110905f3e3f53c33bc45b04d43569b1fe) in 0.002s. Peers: 7","throwable":""}
{"timestamp":"2025-11-28T11:23:29,034","container":"0b061e42013b","level":"INFO","thread":"EthScheduler-Workers-0","class":"PersistBlockTask","message":"Imported #38 / 0 tx / 0 om / 0 (0.0%) gas / (0x4a4ccac7947cfde00c69514aeb8627681bbaa471227e8a5046068b88709db0a7) in 0.011s. Peers: 7","throwable":""}
{"timestamp":"2025-11-28T11:23:34,023","container":"0b061e42013b","level":"INFO","thread":"EthScheduler-Workers-0","class":"PersistBlockTask","message":"Imported #39 / 0 tx / 0 om / 0 (0.0%) gas / (0x62fb5acf19a8b481e648ace2af2aa2c1d7eb152c07ad36fad80e2236f1876bcd) in 0.004s. Peers: 7","throwable":""}
{"timestamp":"2025-11-28T11:23:39,021","container":"0b061e42013b","level":"INFO","thread":"EthScheduler-Workers-0","class":"PersistBlockTask","message":"Imported #40 / 0 tx / 0 om / 0 (0.0%) gas / (0x9bf3ba89cd4164edfc994b0d6986dcea04b46f3e3d132b5f380514172bec54c4) in 0.002s. Peers: 7","throwable":""}
{"timestamp":"2025-11-28T11:23:44,019","container":"0b061e42013b","level":"INFO","thread":"EthScheduler-Workers-0","class":"PersistBlockTask","message":"Imported #41 / 0 tx / 0 om / 0 (0.0%) gas / (0x1f9d1b0d4710fda30c69bb6f5396af685f4cac6f3ae44db1d0f3c9fe847f7552) in 0.002s. Peers: 7","throwable":""}
{"timestamp":"2025-11-28T11:23:49,023","container":"0b061e42013b","level":"INFO","thread":"EthScheduler-Workers-0","class":"PersistBlockTask","message":"Imported #42 / 0 tx / 0 om / 0 (0.0%) gas / (0xaaa818e4727356dba22404c62f3f5052abef0a0a484cd511d2e21154deabdb90) in 0.003s. Peers: 7","throwable":""}
{"timestamp":"2025-11-28T11:23:54,022","container":"0b061e42013b","level":"INFO","thread":"EthScheduler-Workers-0","class":"PersistBlockTask","message":"Imported #43 / 0 tx / 0 om / 0 (0.0%) gas / (0xd2043d3b65a3c2d36aacd6ac74b4c9c5a67bf19ac20f5d667aeb4701e39d691a) in 0.005s. Peers: 7","throwable":""}
{"timestamp":"2025-11-28T11:23:59,020","container":"0b061e42013b","level":"INFO","thread":"EthScheduler-Workers-0","class":"PersistBlockTask","message":"Imported #44 / 0 tx / 0 om / 0 (0.0%) gas / (0x5aba8eff9dea9b718ac4a2bcb52324445e73c79527abe142191e5ab69e0d7058) in 0.003s. Peers: 7","throwable":""}
{"timestamp":"2025-11-28T11:24:04,021","container":"0b061e42013b","level":"INFO","thread":"EthScheduler-Workers-0","class":"PersistBlockTask","message":"Imported #45 / 0 tx / 0 om / 0 (0.0%) gas / (0xe3aa37c7b3fc57f57dddbd3e987a3d4756bddbee1ee3e0243176c179fccc70e7) in 0.003s. Peers: 7","throwable":""}
{"timestamp":"2025-11-28T11:24:09,029","container":"0b061e42013b","level":"INFO","thread":"EthScheduler-Workers-0","class":"PersistBlockTask","message":"Imported #46 / 0 tx / 0 om / 0 (0.0%) gas / (0xe5247eae5f8193a337d6d31c503fabfb6effbe483d0ee089e81ebaa8deaed159) in 0.008s. Peers: 7","throwable":""}
{"timestamp":"2025-11-28T11:24:14,026","container":"0b061e42013b","level":"INFO","thread":"EthScheduler-Workers-0","class":"PersistBlockTask","message":"Imported #47 / 0 tx / 0 om / 0 (0.0%) gas / (0xd705356935a50b1ce0846aa1fffa841c8284f665ce43fa28ffb4f188f40dd163) in 0.005s. Peers: 7","throwable":""}
{"timestamp":"2025-11-28T11:24:19,019","container":"0b061e42013b","level":"INFO","thread":"EthScheduler-Workers-0","class":"PersistBlockTask","message":"Imported #48 / 0 tx / 0 om / 0 (0.0%) gas / (0x96d07e02cfee823f8bc5a9551b26e5966243b9afa9aa01052d22efeadce4b5ad) in 0.003s. Peers: 7","throwable":""}
{"timestamp":"2025-11-28T11:24:24,016","container":"0b061e42013b","level":"INFO","thread":"EthScheduler-Workers-0","class":"PersistBlockTask","message":"Imported #49 / 0 tx / 0 om / 0 (0.0%) gas / (0xbc28c8866864cc4bda6df2af206d86c47e5446690a756f3c549b9252098e386d) in 0.002s. Peers: 7","throwable":""}
{"timestamp":"2025-11-28T11:24:29,021","container":"0b061e42013b","level":"INFO","thread":"EthScheduler-Workers-0","class":"PersistBlockTask","message":"Imported #50 / 0 tx / 0 om / 0 (0.0%) gas / (0xc9becd63da5b4ec8286c1060604bbbeb61660286ec8c458d327a308a915088d9) in 0.002s. Peers: 7","throwable":""}
{"timestamp":"2025-11-28T11:24:34,014","container":"0b061e42013b","level":"INFO","thread":"EthScheduler-Workers-0","class":"PersistBlockTask","message":"Imported #51 / 0 tx / 0 om / 0 (0.0%) gas / (0xfd62fe90875ac85318117067c586667fd74b5a567d195e87c4481c4f8cb83497) in 0.001s. Peers: 7","throwable":""}
{"timestamp":"2025-11-28T11:24:39,025","container":"0b061e42013b","level":"INFO","thread":"EthScheduler-Workers-0","class":"PersistBlockTask","message":"Imported #52 / 0 tx / 0 om / 0 (0.0%) gas / (0xadadf9e2fd891618b066350a978e1bd3ad37df75a074572da1437bde128cd07c) in 0.004s. Peers: 7","throwable":""}
{"timestamp":"2025-11-28T11:24:44,031","container":"0b061e42013b","level":"INFO","thread":"EthScheduler-Workers-0","class":"PersistBlockTask","message":"Imported #53 / 0 tx / 0 om / 0 (0.0%) gas / (0x440540d3af443e23e1781fdf70a6803426bf4a02d8441c7394204b6e5719362f) in 0.006s. Peers: 7","throwable":""}
{"timestamp":"2025-11-28T11:24:49,017","container":"0b061e42013b","level":"INFO","thread":"EthScheduler-Workers-0","class":"PersistBlockTask","message":"Imported #54 / 0 tx / 0 om / 0 (0.0%) gas / (0x8f7ff90d6a57c762beb2bfcfb915eea082e4d150c6594f606a71d7508805c487) in 0.002s. Peers: 7","throwable":""}
{"timestamp":"2025-11-28T11:24:54,021","container":"0b061e42013b","level":"INFO","thread":"EthScheduler-Workers-0","class":"PersistBlockTask","message":"Imported #55 / 0 tx / 0 om / 0 (0.0%) gas / (0xecf9e542ec9569b1f08d647261ef657a26b52b2a2860ce1115486d3df559f850) in 0.003s. Peers: 7","throwable":""}
{"timestamp":"2025-11-28T11:24:59,015","container":"0b061e42013b","level":"INFO","thread":"EthScheduler-Workers-0","class":"PersistBlockTask","message":"Imported #56 / 0 tx / 0 om / 0 (0.0%) gas / (0xd726a1442ae0816f7acc8f4d2174a1d607e1d532d73790cd917d26e6aa317511) in 0.001s. Peers: 7","throwable":""}
{"timestamp":"2025-11-28T11:25:04,022","container":"0b061e42013b","level":"INFO","thread":"EthScheduler-Workers-0","class":"PersistBlockTask","message":"Imported #57 / 0 tx / 0 om / 0 (0.0%) gas / (0x6553ecedeadbef3aaf6e6412d6e5496e163b02c204f53826893d6a719e12c470) in 0.002s. Peers: 7","throwable":""}
{"timestamp":"2025-11-28T11:25:09,017","container":"0b061e42013b","level":"INFO","thread":"EthScheduler-Workers-0","class":"PersistBlockTask","message":"Imported #58 / 0 tx / 0 om / 0 (0.0%) gas / (0x5f1cdaba5bca9177d78bc045f11e4024122fceeafa5320e07122001f709da80f) in 0.002s. Peers: 7","throwable":""}
{"timestamp":"2025-11-28T11:25:14,021","container":"0b061e42013b","level":"INFO","thread":"EthScheduler-Workers-0","class":"PersistBlockTask","message":"Imported #59 / 0 tx / 0 om / 0 (0.0%) gas / (0x3deb3e876f62c27516ccb2dce382891bcd3885bd3b4af8fa9acdb7302fd7b0c4) in 0.004s. Peers: 7","throwable":""}
{"timestamp":"2025-11-28T11:25:19,023","container":"0b061e42013b","level":"INFO","thread":"EthScheduler-Workers-0","class":"PersistBlockTask","message":"Imported #60 / 0 tx / 0 om / 0 (0.0%) gas / (0x92dd638ec6388cd29ba982bc5c2be2d1486ce13c182b52b24ea21295ad28eb3c) in 0.004s. Peers: 7","throwable":""}
{"timestamp":"2025-11-28T11:25:24,022","container":"0b061e42013b","level":"INFO","thread":"EthScheduler-Workers-0","class":"PersistBlockTask","message":"Imported #61 / 0 tx / 0 om / 0 (0.0%) gas / (0x663bbe8e30ba7e537cfdcfb411ffa46be8417019d230f90459394ae019471342) in 0.003s. Peers: 7","throwable":""}
{"timestamp":"2025-11-28T11:25:29,017","container":"0b061e42013b","level":"INFO","thread":"EthScheduler-Workers-0","class":"PersistBlockTask","message":"Imported #62 / 0 tx / 0 om / 0 (0.0%) gas / (0x52372d0a0d5a16cf0cc4db078c5db0e4c8196847d10ebd6b3e9277942c4e256f) in 0.002s. Peers: 7","throwable":""}
{"timestamp":"2025-11-28T11:25:34,025","container":"0b061e42013b","level":"INFO","thread":"EthScheduler-Workers-0","class":"PersistBlockTask","message":"Imported #63 / 0 tx / 0 om / 0 (0.0%) gas / (0x4f99450f1606a40955aa1221461b344ac8811db76553e0ba4dbaad9ee28ff00a) in 0.008s. Peers: 7","throwable":""}
{"timestamp":"2025-11-28T11:25:39,021","container":"0b061e42013b","level":"INFO","thread":"EthScheduler-Workers-0","class":"PersistBlockTask","message":"Imported #64 / 0 tx / 0 om / 0 (0.0%) gas / (0x7c95cc060c78a8b448cb6d60a310f788c87c2bc8ca41bb0e3cdcee25136976e1) in 0.005s. Peers: 7","throwable":""}
{"timestamp":"2025-11-28T11:25:44,027","container":"0b061e42013b","level":"INFO","thread":"EthScheduler-Workers-0","class":"PersistBlockTask","message":"Imported #65 / 0 tx / 0 om / 0 (0.0%) gas / (0x8d9fd1dc80f94ce417fc45a2c7192bbd843ce5e5cdac74efcbcc417dfed67c2a) in 0.004s. Peers: 7","throwable":""}
{"timestamp":"2025-11-28T11:25:49,017","container":"0b061e42013b","level":"INFO","thread":"EthScheduler-Workers-0","class":"PersistBlockTask","message":"Imported #66 / 0 tx / 0 om / 0 (0.0%) gas / (0x825487bab905d4f5f581e23c6f633f65ce6eac71b77cc3196696951f0ebd5424) in 0.002s. Peers: 7","throwable":""}
{"timestamp":"2025-11-28T11:25:54,023","container":"0b061e42013b","level":"INFO","thread":"EthScheduler-Workers-0","class":"PersistBlockTask","message":"Imported #67 / 0 tx / 0 om / 0 (0.0%) gas / (0x10e4e9332fe7d3a0d56cb4cb2da4bb217cd235ff4f8ac043f570027f53a07e9e) in 0.002s. Peers: 7","throwable":""}
{"timestamp":"2025-11-28T11:25:59,014","container":"0b061e42013b","level":"INFO","thread":"EthScheduler-Workers-0","class":"PersistBlockTask","message":"Imported #68 / 0 tx / 0 om / 0 (0.0%) gas / (0x54e7000c6e13a53bec9ca7c600e544a9c4a6d349855e291d8b75110428a20c6c) in 0.001s. Peers: 7","throwable":""}
{"timestamp":"2025-11-28T11:26:04,018","container":"0b061e42013b","level":"INFO","thread":"EthScheduler-Workers-0","class":"PersistBlockTask","message":"Imported #69 / 0 tx / 0 om / 0 (0.0%) gas / (0x80ebe951c4715111d9ae733bf01f102284cea1143ac2c4049f194c4ae2cbbfc0) in 0.001s. Peers: 7","throwable":""}
{"timestamp":"2025-11-28T11:26:09,012","container":"0b061e42013b","level":"INFO","thread":"EthScheduler-Workers-0","class":"PersistBlockTask","message":"Imported #70 / 0 tx / 0 om / 0 (0.0%) gas / (0xdf5064825c26960809ba2eff14d7fa9ede35ef187eb160afd1dd7a87d3747df4) in 0.001s. Peers: 7","throwable":""}
{"timestamp":"2025-11-28T11:26:14,021","container":"0b061e42013b","level":"INFO","thread":"EthScheduler-Workers-0","class":"PersistBlockTask","message":"Imported #71 / 0 tx / 0 om / 0 (0.0%) gas / (0x2812966829de184ec43480f47a890cecdb1f982f67c8a568021a212621eab3bb) in 0.003s. Peers: 7","throwable":""}
{"timestamp":"2025-11-28T11:26:19,014","container":"0b061e42013b","level":"INFO","thread":"EthScheduler-Workers-0","class":"PersistBlockTask","message":"Imported #72 / 0 tx / 0 om / 0 (0.0%) gas / (0xe4718c9c3320262df8ea9ce4120b872410f417934a0ab30b85e3b1a8397bfbdd) in 0.002s. Peers: 7","throwable":""}
{"timestamp":"2025-11-28T11:26:24,013","container":"0b061e42013b","level":"INFO","thread":"EthScheduler-Workers-0","class":"PersistBlockTask","message":"Imported #73 / 0 tx / 0 om / 0 (0.0%) gas / (0x25ec08100cb3b790e4896ca73fa88c54171d6a71809d9d1c106679999491b97a) in 0.002s. Peers: 7","throwable":""}
{"timestamp":"2025-11-28T11:26:29,021","container":"0b061e42013b","level":"INFO","thread":"EthScheduler-Workers-0","class":"PersistBlockTask","message":"Imported #74 / 0 tx / 0 om / 0 (0.0%) gas / (0x0c5bea91ce53a04a441ce0abae32046dff44bd6d55cdef60d42b7a6edcd496cd) in 0.002s. Peers: 7","throwable":""}
{"timestamp":"2025-11-28T11:26:34,013","container":"0b061e42013b","level":"INFO","thread":"EthScheduler-Workers-0","class":"PersistBlockTask","message":"Imported #75 / 0 tx / 0 om / 0 (0.0%) gas / (0xa54a8f5b785303b4e5d49273bdf5e2a0e5b15af4affd9b715fba982e95470f8a) in 0.002s. Peers: 7","throwable":""}
{"timestamp":"2025-11-28T11:26:39,016","container":"0b061e42013b","level":"INFO","thread":"EthScheduler-Workers-0","class":"PersistBlockTask","message":"Imported #76 / 0 tx / 0 om / 0 (0.0%) gas / (0xcc316e69fccc8c7f789cae7a14a99d233689ca9ed9eca947b6b7b21b7eeaf00d) in 0.001s. Peers: 7","throwable":""}
{"timestamp":"2025-11-28T11:26:44,025","container":"0b061e42013b","level":"INFO","thread":"EthScheduler-Workers-0","class":"PersistBlockTask","message":"Imported #77 / 0 tx / 0 om / 0 (0.0%) gas / (0x22afc32d9c5e8131b7a89a76e7ccd10d0141446726cd99b30ccbf9113f842f21) in 0.004s. Peers: 7","throwable":""}
{"timestamp":"2025-11-28T11:26:49,018","container":"0b061e42013b","level":"INFO","thread":"EthScheduler-Workers-0","class":"PersistBlockTask","message":"Imported #78 / 0 tx / 0 om / 0 (0.0%) gas / (0x6c352e8962b7f4435a8b3d752e9328b3a4568627e626121504d43f9abd2594ad) in 0.002s. Peers: 7","throwable":""}
{"timestamp":"2025-11-28T11:26:54,015","container":"0b061e42013b","level":"INFO","thread":"EthScheduler-Workers-0","class":"PersistBlockTask","message":"Imported #79 / 0 tx / 0 om / 0 (0.0%) gas / (0x4bb393a0c7a2f1fd667358567f8c81d0ba2dc00fef08c7de5563b98160b64b48) in 0.001s. Peers: 7","throwable":""}
{"timestamp":"2025-11-28T11:26:59,010","container":"0b061e42013b","level":"INFO","thread":"EthScheduler-Workers-0","class":"PersistBlockTask","message":"Imported #80 / 0 tx / 0 om / 0 (0.0%) gas / (0xdd1e3e6693b4867435258f1e97aadc8a6dd6a9a58921b1be5e2b29451d5f517b) in 0.002s. Peers: 7","throwable":""}
{"timestamp":"2025-11-28T11:27:04,019","container":"0b061e42013b","level":"INFO","thread":"EthScheduler-Workers-0","class":"PersistBlockTask","message":"Imported #81 / 0 tx / 0 om / 0 (0.0%) gas / (0x2e777c16a437b89a4fafa613226d5ab8d3941671130c3248161f8da92292fb73) in 0.004s. Peers: 7","throwable":""}
{"timestamp":"2025-11-28T11:27:09,019","container":"0b061e42013b","level":"INFO","thread":"EthScheduler-Workers-0","class":"PersistBlockTask","message":"Imported #82 / 0 tx / 0 om / 0 (0.0%) gas / (0x702de06b4eed31e1aac4541f5d69f725fe2afa9e186cf5e68f00ded8a4269238) in 0.002s. Peers: 7","throwable":""}
{"timestamp":"2025-11-28T11:27:14,029","container":"0b061e42013b","level":"INFO","thread":"EthScheduler-Workers-0","class":"PersistBlockTask","message":"Imported #83 / 0 tx / 0 om / 0 (0.0%) gas / (0xa1c4476f0f2cf558465bcd5ae66b94cf433eef7919bbb59d9c90b366ddc52917) in 0.006s. Peers: 7","throwable":""}
{"timestamp":"2025-11-28T11:27:19,018","container":"0b061e42013b","level":"INFO","thread":"EthScheduler-Workers-0","class":"PersistBlockTask","message":"Imported #84 / 0 tx / 0 om / 0 (0.0%) gas / (0xc4182460475ea1f65cca035b6ad0bd0a6a3949f6e4051a59b3e1419efad729c0) in 0.002s. Peers: 7","throwable":""}
{"timestamp":"2025-11-28T11:27:24,014","container":"0b061e42013b","level":"INFO","thread":"EthScheduler-Workers-0","class":"PersistBlockTask","message":"Imported #85 / 0 tx / 0 om / 0 (0.0%) gas / (0x87b94fc17a780bbdded85491375761c3e983f6035814d93acc2b32c98c48188b) in 0.001s. Peers: 7","throwable":""}
{"timestamp":"2025-11-28T11:27:29,015","container":"0b061e42013b","level":"INFO","thread":"EthScheduler-Workers-0","class":"PersistBlockTask","message":"Imported #86 / 0 tx / 0 om / 0 (0.0%) gas / (0x6f20174a5b690d962a2a75a2981e07940bc2b8daca70feb5b1911644989a9f7a) in 0.001s. Peers: 7","throwable":""}
{"timestamp":"2025-11-28T11:27:34,019","container":"0b061e42013b","level":"INFO","thread":"EthScheduler-Workers-0","class":"PersistBlockTask","message":"Imported #87 / 0 tx / 0 om / 0 (0.0%) gas / (0x6c30a37ba63505a3b06ce8f6f267c5ec312a8260e1cc5598ed8ccee32c2c504f) in 0.002s. Peers: 7","throwable":""}
{"timestamp":"2025-11-28T11:27:39,021","container":"0b061e42013b","level":"INFO","thread":"EthScheduler-Workers-0","class":"PersistBlockTask","message":"Imported #88 / 0 tx / 0 om / 0 (0.0%) gas / (0x1aa9a250c3175060390399eb22b9811682da400079412ba58fc23e928746c08b) in 0.005s. Peers: 7","throwable":""}
{"timestamp":"2025-11-28T11:27:44,021","container":"0b061e42013b","level":"INFO","thread":"EthScheduler-Workers-0","class":"PersistBlockTask","message":"Imported #89 / 0 tx / 0 om / 0 (0.0%) gas / (0x689d23dff8657f2e1ca1a7668061827962d1fcaed61f3e9bc99c5ff2857cd64b) in 0.002s. Peers: 7","throwable":""}
{"timestamp":"2025-11-28T11:27:49,019","container":"0b061e42013b","level":"INFO","thread":"EthScheduler-Workers-0","class":"PersistBlockTask","message":"Imported #90 / 0 tx / 0 om / 0 (0.0%) gas / (0x8b103ab47c56bcb757c3c1a2a06636b203b07f09ad49a238ba806af9a80f1ed9) in 0.003s. Peers: 7","throwable":""}
{"timestamp":"2025-11-28T11:27:54,018","container":"0b061e42013b","level":"INFO","thread":"EthScheduler-Workers-0","class":"PersistBlockTask","message":"Imported #91 / 0 tx / 0 om / 0 (0.0%) gas / (0xfcc87bfc1a1079c8131f9418c0ab9996111bcd3a4eb2ef76728cd0c2c981fb63) in 0.002s. Peers: 7","throwable":""}
{"timestamp":"2025-11-28T11:27:59,021","container":"0b061e42013b","level":"INFO","thread":"EthScheduler-Workers-0","class":"PersistBlockTask","message":"Imported #92 / 0 tx / 0 om / 0 (0.0%) gas / (0xda47bf42f940fb64be07400675f2fb5783a8dd392e8305cd7f0adde359be0801) in 0.002s. Peers: 7","throwable":""}
{"timestamp":"2025-11-28T11:28:04,021","container":"0b061e42013b","level":"INFO","thread":"EthScheduler-Workers-0","class":"PersistBlockTask","message":"Imported #93 / 0 tx / 0 om / 0 (0.0%) gas / (0xcb09515b64f69842ad2061f6a9e2b0a89fe4a11d93edfc4c5ae69ac22484f3ef) in 0.002s. Peers: 7","throwable":""}
{"timestamp":"2025-11-28T11:28:09,021","container":"0b061e42013b","level":"INFO","thread":"EthScheduler-Workers-0","class":"PersistBlockTask","message":"Imported #94 / 0 tx / 0 om / 0 (0.0%) gas / (0x9701be298a2dd0d0289afd56eeb56689358e8f04e85ac20729a885c06172ee7c) in 0.002s. Peers: 7","throwable":""}
{"timestamp":"2025-11-28T11:28:14,017","container":"0b061e42013b","level":"INFO","thread":"EthScheduler-Workers-0","class":"PersistBlockTask","message":"Imported #95 / 0 tx / 0 om / 0 (0.0%) gas / (0xbaa04e59ed4822311a5b06eda0794e78ca915f8aed2443bb8d9fa6ac12da5b56) in 0.004s. Peers: 7","throwable":""}
{"timestamp":"2025-11-28T11:28:19,018","container":"0b061e42013b","level":"INFO","thread":"EthScheduler-Workers-0","class":"PersistBlockTask","message":"Imported #96 / 0 tx / 0 om / 0 (0.0%) gas / (0xe34a1a645e5b3187b5e3c7494b7533db62eb42e208444a1f516fd16bd7428451) in 0.002s. Peers: 7","throwable":""}
{"timestamp":"2025-11-28T11:28:24,018","container":"0b061e42013b","level":"INFO","thread":"EthScheduler-Workers-0","class":"PersistBlockTask","message":"Imported #97 / 0 tx / 0 om / 0 (0.0%) gas / (0x216560b2d1fa208151fff5f2fbde06d1a4d4990335f6bad52b1e2a63abeb5304) in 0.002s. Peers: 7","throwable":""}
{"timestamp":"2025-11-28T11:28:29,028","container":"0b061e42013b","level":"INFO","thread":"EthScheduler-Workers-0","class":"PersistBlockTask","message":"Imported #98 / 0 tx / 0 om / 0 (0.0%) gas / (0x94e76fae1645066f6889cd2214710dfcadd9eb121b9a525af2a61dec1163471a) in 0.007s. Peers: 7","throwable":""}
{"timestamp":"2025-11-28T11:28:34,017","container":"0b061e42013b","level":"INFO","thread":"EthScheduler-Workers-0","class":"PersistBlockTask","message":"Imported #99 / 0 tx / 0 om / 0 (0.0%) gas / (0x46cade2e4d25f5a086f6498fb453f7be0aa2ead8a39523ec8ffecdcabe24a61b) in 0.002s. Peers: 7","throwable":""}
{"timestamp":"2025-11-28T11:28:39,021","container":"0b061e42013b","level":"INFO","thread":"EthScheduler-Workers-0","class":"PersistBlockTask","message":"Imported #100 / 0 tx / 0 om / 0 (0.0%) gas / (0x6486ac9a77ba5954208eae6e9e41fc29939a07af3eb04c616169eba9550bea6e) in 0.002s. Peers: 7","throwable":""}
{"timestamp":"2025-11-28T11:28:44,024","container":"0b061e42013b","level":"INFO","thread":"EthScheduler-Workers-0","class":"PersistBlockTask","message":"Imported #101 / 0 tx / 0 om / 0 (0.0%) gas / (0x322ad97c30f889e511309975eb50b970b49423b9a7542389d4739a576bce15a4) in 0.003s. Peers: 7","throwable":""}
{"timestamp":"2025-11-28T11:28:49,027","container":"0b061e42013b","level":"INFO","thread":"BftProcessorExecutor-QBFT-0","class":"BftProcessor","message":"Shutting down BFT event processor","throwable":""}
{"timestamp":"2025-11-28T11:28:49,032","container":"0b061e42013b","level":"INFO","thread":"BesuCommand-Shutdown-Hook","class":"DefaultSynchronizer","message":"Stopping synchronizer","throwable":""}
{"timestamp":"2025-11-28T11:28:49,037","container":"0b061e42013b","level":"INFO","thread":"BesuCommand-Shutdown-Hook","class":"NetworkRunner","message":"Stopping Network.","throwable":""}
{"timestamp":"2025-11-28T11:28:49,056","container":"0b061e42013b","level":"INFO","thread":"BesuCommand-Shutdown-Hook","class":"EthProtocolManager","message":"Stopping eth Subprotocol.","throwable":""}
{"timestamp":"2025-11-28T11:28:49,155","container":"0b061e42013b","level":"INFO","thread":"BesuCommand-Shutdown-Hook","class":"EthProtocolManager","message":"eth Subprotocol stopped.","throwable":""}
{"timestamp":"2025-11-28T11:28:49,155","container":"0b061e42013b","level":"INFO","thread":"BesuCommand-Shutdown-Hook","class":"NetworkRunner","message":"Network stopped.","throwable":""}
{"timestamp":"2025-11-28T11:28:49,156","container":"0b061e42013b","level":"INFO","thread":"BesuCommand-Shutdown-Hook","class":"AutoTransactionLogBloomCachingService","message":"Shutting down Auto transaction logs caching service.","throwable":""}
{"timestamp":"2025-11-28T11:28:49,156","container":"0b061e42013b","level":"INFO","thread":"BesuCommand-Shutdown-Hook","class":"NatService","message":"No NAT environment detected so no service could be stopped","throwable":""}
