{"timestamp":"2025-11-28T11:30:08,651","container":"03efa3bc8c18","level":"INFO","thread":"main","class":"Besu","message":"Starting Besu","throwable":""}
{"timestamp":"2025-11-28T11:30:10,327","container":"03efa3bc8c18","level":"WARN","thread":"main","class":"Besu","message":"--min-gas-price has been ignored because --miner-enabled was not defined on the command line.","throwable":""}
{"timestamp":"2025-11-28T11:30:11,996","container":"03efa3bc8c18","level":"WARN","thread":"main","class":"Besu","message":"--rpc-http-tls-known-clients-file has been ignored because --rpc-http-tls-client-auth-enabled was not defined on the command line.","throwable":""}
{"timestamp":"2025-11-28T11:30:12,569","container":"03efa3bc8c18","level":"WARN","thread":"main","class":"Besu","message":"--rpc-ws-host and --rpc-ws-api has been ignored because --rpc-ws-enabled was not defined on the command line.","throwable":""}
{"timestamp":"2025-11-28T11:30:13,289","container":"03efa3bc8c18","level":"INFO","thread":"main","class":"Besu","message":"
####################################################################################################
#                                                                                                  #
# Besu version 23.4.1                                                                              #
#                                                                                                  #
# Configuration:                                                                                   #
# Network: Custom genesis file specified                                                           #
# Network Id: 1337                                                                                 #
# Data storage: Forest                                                                             #
# Sync mode: Full                                                                                  #
# RPC HTTP APIs: EEA,WEB3,ETH,NET,TRACE,DEBUG,ADMIN,TXPOOL,PRIV,PERM,QBFT                          #
# RPC HTTP port: 8545                                                                              #
#                                                                                                  #
# Host:                                                                                            #
# Java: openjdk-java-17                                                                            #
# Maximum heap size: 3.81 GB                                                                       #
# OS: linux-x86_64                                                                                 #
# glibc: 2.35                                                                                      #
# jemalloc: 5.2.1-0-gea6b3e973b477b8061e0076bb257dbd7f3faa756                                      #
# Total memory: 15.25 GB                                                                           #
# CPU cores: 16                                                                                    #
#                                                                                                  #
####################################################################################################","throwable":""}
{"timestamp":"2025-11-28T11:30:13,289","container":"03efa3bc8c18","level":"INFO","thread":"main","class":"Besu","message":"Connecting to 8 static nodes.","throwable":""}
{"timestamp":"2025-11-28T11:30:13,290","container":"03efa3bc8c18","level":"INFO","thread":"main","class":"Besu","message":"Security Module: localfile","throwable":""}
{"timestamp":"2025-11-28T11:30:13,428","container":"03efa3bc8c18","level":"INFO","thread":"main","class":"Besu","message":"Using the native implementation of alt bn128","throwable":""}
{"timestamp":"2025-11-28T11:30:13,488","container":"03efa3bc8c18","level":"INFO","thread":"main","class":"Besu","message":"Using the native implementation of modexp","throwable":""}
{"timestamp":"2025-11-28T11:30:13,490","container":"03efa3bc8c18","level":"INFO","thread":"main","class":"Besu","message":"Using the native implementation of the signature algorithm","throwable":""}
{"timestamp":"2025-11-28T11:30:13,495","container":"03efa3bc8c18","level":"INFO","thread":"main","class":"Besu","message":"Using the native implementation of the blake2bf algorithm","throwable":""}
{"timestamp":"2025-11-28T11:30:13,583","container":"03efa3bc8c18","level":"INFO","thread":"main","class":"RocksDBKeyValueStorageFactory","message":"No existing database detected at /opt/besu/data. Using version 1","throwable":""}
{"timestamp":"2025-11-28T11:30:16,323","container":"03efa3bc8c18","level":"INFO","thread":"main","class":"KeyPairUtil","message":"Loaded public key 0x98496800174b3c73ae33cba59f8f5e686cd488f7897c2edb52e2cf46383d75cd03dbb58dde07185bc0953f98800ca9a89f4b5ef450c5e51292ea08ec6130ee0c from /opt/besu/keys/nodekey","throwable":""}
{"timestamp":"2025-11-28T11:30:16,386","container":"03efa3bc8c18","level":"INFO","thread":"main","class":"RocksDBKeyValuePrivacyStorageFactory","message":"No existing private database detected at /opt/besu/data. Using version 1","throwable":""}
{"timestamp":"2025-11-28T11:30:17,535","container":"03efa3bc8c18","level":"INFO","thread":"main","class":"ProtocolScheduleBuilder","message":"Protocol schedule created with milestones: [GrayGlacier: 0]","throwable":""}
{"timestamp":"2025-11-28T11:30:17,834","container":"03efa3bc8c18","level":"INFO","thread":"main","class":"TransactionPoolFactory","message":"Enabling transaction pool","throwable":""}
{"timestamp":"2025-11-28T11:30:17,867","container":"03efa3bc8c18","level":"INFO","thread":"main","class":"BesuControllerBuilder","message":"TTD difficulty is not present, creating initial sync phase for PoW","throwable":""}
{"timestamp":"2025-11-28T11:30:18,020","container":"03efa3bc8c18","level":"INFO","thread":"main","class":"RunnerBuilder","message":"Detecting NAT service.","throwable":""}
{"timestamp":"2025-11-28T11:30:19,250","container":"03efa3bc8c18","level":"INFO","thread":"main","class":"Runner","message":"Starting external services ... ","throwable":""}
{"timestamp":"2025-11-28T11:30:19,257","container":"03efa3bc8c18","level":"INFO","thread":"main","class":"MetricsHttpService","message":"Starting metrics http service on 0.0.0.0:9545","throwable":""}
{"timestamp":"2025-11-28T11:30:19,609","container":"03efa3bc8c18","level":"INFO","thread":"main","class":"JsonRpcHttpService","message":"Starting JSON-RPC service on 0.0.0.0:8545","throwable":""}
{"timestamp":"2025-11-28T11:30:19,608","container":"03efa3bc8c18","level":"INFO","thread":"vert.x-eventloop-thread-2","class":"MetricsHttpService","message":"Metrics service started and listening on 0.0.0.0:9545","throwable":""}
{"timestamp":"2025-11-28T11:30:19,845","container":"03efa3bc8c18","level":"INFO","thread":"main","class":"GraphQLHttpService","message":"Starting GraphQL HTTP service on 0.0.0.0:8547","throwable":""}
{"timestamp":"2025-11-28T11:30:19,845","container":"03efa3bc8c18","level":"INFO","thread":"vert.x-eventloop-thread-2","class":"JsonRpcHttpService","message":"JSON-RPC service started and listening on 0.0.0.0:8545 with TLS enabled.","throwable":""}
{"timestamp":"2025-11-28T11:30:19,849","container":"03efa3bc8c18","level":"INFO","thread":"vert.x-eventloop-thread-2","class":"GraphQLHttpService","message":"GraphQL HTTP service started and listening on 0.0.0.0:8547","throwable":""}
{"timestamp":"2025-11-28T11:30:19,858","container":"03efa3bc8c18","level":"INFO","thread":"main","class":"AutoTransactionLogBloomCachingService","message":"Starting auto transaction log bloom caching service.","throwable":""}
{"timestamp":"2025-11-28T11:30:19,860","container":"03efa3bc8c18","level":"INFO","thread":"main","class":"LogBloomCacheMetadata","message":"Lookup cache metadata file in data directory: /opt/besu/data/caches","throwable":""}
{"timestamp":"2025-11-28T11:30:19,902","container":"03efa3bc8c18","level":"INFO","thread":"main","class":"Runner","message":"Starting Ethereum main loop ... ","throwable":""}
{"timestamp":"2025-11-28T11:30:19,904","container":"03efa3bc8c18","level":"INFO","thread":"main","class":"NatService","message":"No NAT environment detected so no service could be started","throwable":""}
{"timestamp":"2025-11-28T11:30:19,904","container":"03efa3bc8c18","level":"INFO","thread":"main","class":"NetworkRunner","message":"Starting Network.","throwable":""}
{"timestamp":"2025-11-28T11:30:19,931","container":"03efa3bc8c18","level":"INFO","thread":"nioEventLoopGroup-2-1","class":"RlpxAgent","message":"P2P RLPx agent started and listening on /[0:0:0:0:0:0:0:0]:30303.","throwable":""}
{"timestamp":"2025-11-28T11:30:19,932","container":"03efa3bc8c18","level":"INFO","thread":"main","class":"PeerDiscoveryAgent","message":"Starting peer discovery agent on host=0.0.0.0, port=30303","throwable":""}
{"timestamp":"2025-11-28T11:30:19,962","container":"03efa3bc8c18","level":"INFO","thread":"vert.x-eventloop-thread-2","class":"VertxPeerDiscoveryAgent","message":"Started peer discovery agent successfully, on effective host=0:0:0:0:0:0:0:0%0 and port=30303","throwable":""}
{"timestamp":"2025-11-28T11:30:19,964","container":"03efa3bc8c18","level":"INFO","thread":"vert.x-eventloop-thread-2","class":"PeerDiscoveryAgent","message":"P2P peer discovery agent started and listening on /[0:0:0:0:0:0:0:0%0]:30303","throwable":""}
{"timestamp":"2025-11-28T11:30:20,051","container":"03efa3bc8c18","level":"INFO","thread":"vert.x-eventloop-thread-2","class":"PeerDiscoveryAgent","message":"Writing node record to disk. NodeRecord{seq=1, publicKey=0x0298496800174b3c73ae33cba59f8f5e686cd488f7897c2edb52e2cf46383d75cd, udpAddress=Optional[/172.16.239.16:30303], tcpAddress=Optional[/172.16.239.16:30303], asBase64=-Je4QKfmqhqEH_IXkdAoqiyWMsOa-XV9FOqPhkyxhkJp3RYJaKBhtlaExAGq0HRKrjYCxeJACHcyv1R2WH5tI8_kFE8Bg2V0aMfGhEqC0IOAgmlkgnY0gmlwhKwQ7xCJc2VjcDI1NmsxoQKYSWgAF0s8c64zy6Wfj15obNSI94l8LttS4s9GOD11zYN0Y3CCdl-DdWRwgnZf, nodeId=0xa1f75939c4a4d5c1c5241a1913a52aab892e1322e8b52506276363d4754c122e, customFields={tcp=30303, udp=30303, ip=0xac10ef10, eth=[[0x4a82d083, 0x]], id=V4, secp256k1=0x0298496800174b3c73ae33cba59f8f5e686cd488f7897c2edb52e2cf46383d75cd}}","throwable":""}
{"timestamp":"2025-11-28T11:30:20,123","container":"03efa3bc8c18","level":"INFO","thread":"main","class":"DefaultP2PNetwork","message":"Enode URL enode://98496800174b3c73ae33cba59f8f5e686cd488f7897c2edb52e2cf46383d75cd03dbb58dde07185bc0953f98800ca9a89f4b5ef450c5e51292ea08ec6130ee0c@172.16.239.16:30303","throwable":""}
{"timestamp":"2025-11-28T11:30:20,124","container":"03efa3bc8c18","level":"INFO","thread":"main","class":"DefaultP2PNetwork","message":"Node address 0x13a52aab892e1322e8b52506276363d4754c122e","throwable":""}
{"timestamp":"2025-11-28T11:30:20,401","container":"03efa3bc8c18","level":"INFO","thread":"main","class":"NetworkRunner","message":"Supported capabilities: [eth/62, eth/63, eth/64, eth/65, eth/66, eth/67, eth/68], [istanbul/100], [snap/1]","throwable":""}
{"timestamp":"2025-11-28T11:30:20,414","container":"03efa3bc8c18","level":"INFO","thread":"main","class":"DefaultSynchronizer","message":"Starting synchronizer.","throwable":""}
{"timestamp":"2025-11-28T11:30:20,416","container":"03efa3bc8c18","level":"INFO","thread":"main","class":"TransactionPoolFactory","message":"Enabling transaction handling following initial sync","throwable":""}
{"timestamp":"2025-11-28T11:30:20,569","container":"03efa3bc8c18","level":"INFO","thread":"main","class":"FullSyncDownloader","message":"Starting full sync.","throwable":""}
{"timestamp":"2025-11-28T11:30:20,583","container":"03efa3bc8c18","level":"INFO","thread":"main","class":"FullSyncTargetManager","message":"Unable to find sync target. Currently checking 0 peers for usefulness","throwable":""}
{"timestamp":"2025-11-28T11:30:20,781","container":"03efa3bc8c18","level":"INFO","thread":"main","class":"Runner","message":"Ethereum main loop is up.","throwable":""}
{"timestamp":"2025-11-28T11:30:20,891","container":"03efa3bc8c18","level":"INFO","thread":"nioEventLoopGroup-3-7","class":"FullSyncTargetManager","message":"Unable to find sync target. Currently checking 2 peers for usefulness","throwable":""}
{"timestamp":"2025-11-28T11:30:21,215","container":"03efa3bc8c18","level":"INFO","thread":"nioEventLoopGroup-3-9","class":"FullSyncTargetManager","message":"Unable to find sync target. Currently checking 3 peers for usefulness","throwable":""}
{"timestamp":"2025-11-28T11:30:21,516","container":"03efa3bc8c18","level":"INFO","thread":"nioEventLoopGroup-3-10","class":"FullSyncTargetManager","message":"Unable to find sync target. Currently checking 4 peers for usefulness","throwable":""}
{"timestamp":"2025-11-28T11:30:22,017","container":"03efa3bc8c18","level":"INFO","thread":"nioEventLoopGroup-3-1","class":"FullSyncTargetManager","message":"Unable to find sync target. Currently checking 6 peers for usefulness","throwable":""}
{"timestamp":"2025-11-28T11:30:22,055","container":"03efa3bc8c18","level":"INFO","thread":"nioEventLoopGroup-3-2","class":"FullSyncTargetManager","message":"Unable to find sync target. Currently checking 7 peers for usefulness","throwable":""}
{"timestamp":"2025-11-28T11:30:22,229","container":"03efa3bc8c18","level":"INFO","thread":"EthScheduler-Workers-0","class":"PersistBlockTask","message":"Imported #1 / 0 tx / 0 om / 0 (0.0%) gas / (0x50430d46a21773dc09d270f922749f1a3109ba301ab23346cb5ef9489f9bd7b5) in 0.026s. Peers: 7","throwable":""}
{"timestamp":"2025-11-28T11:30:26,053","container":"03efa3bc8c18","level":"INFO","thread":"EthScheduler-Workers-0","class":"PersistBlockTask","message":"Imported #2 / 0 tx / 0 om / 0 (0.0%) gas / (0xbd19d96d285be1d48d26a7f225db1b2697f2e8e086bc58101cef290a3c96460d) in 0.008s. Peers: 7","throwable":""}
{"timestamp":"2025-11-28T11:30:31,046","container":"03efa3bc8c18","level":"INFO","thread":"EthScheduler-Workers-0","class":"PersistBlockTask","message":"Imported #3 / 0 tx / 0 om / 0 (0.0%) gas / (0xc931dfff1dfabfa74c1514a3edfb9ff9d421fc01c391242ef82318cd36a533f8) in 0.006s. Peers: 7","throwable":""}
{"timestamp":"2025-11-28T11:30:36,034","container":"03efa3bc8c18","level":"INFO","thread":"EthScheduler-Workers-0","class":"PersistBlockTask","message":"Imported #4 / 0 tx / 0 om / 0 (0.0%) gas / (0xa9990aaddf46777acc89548a2348159d3cb90c38188f74b821facf41eed086ba) in 0.006s. Peers: 7","throwable":""}
{"timestamp":"2025-11-28T11:30:41,023","container":"03efa3bc8c18","level":"INFO","thread":"EthScheduler-Workers-0","class":"PersistBlockTask","message":"Imported #5 / 0 tx / 0 om / 0 (0.0%) gas / (0x209ba0712289c08eb056403e43b94c8af7c78597dd90aa5e82d61e14a4575dc2) in 0.005s. Peers: 7","throwable":""}
{"timestamp":"2025-11-28T11:30:46,026","container":"03efa3bc8c18","level":"INFO","thread":"EthScheduler-Workers-0","class":"PersistBlockTask","message":"Imported #6 / 0 tx / 0 om / 0 (0.0%) gas / (0xa5a6c36832e6f7ee704a6ff91ba4cf7a959462f773098bc39d859a2b097b5fbd) in 0.003s. Peers: 7","throwable":""}
{"timestamp":"2025-11-28T11:30:51,048","container":"03efa3bc8c18","level":"INFO","thread":"EthScheduler-Workers-0","class":"PersistBlockTask","message":"Imported #7 / 0 tx / 0 om / 0 (0.0%) gas / (0x6a0fef3914d50f97027336c7626c204509adae2d07fcce89bda483b440679b6f) in 0.004s. Peers: 7","throwable":""}
{"timestamp":"2025-11-28T11:30:56,025","container":"03efa3bc8c18","level":"INFO","thread":"EthScheduler-Workers-0","class":"PersistBlockTask","message":"Imported #8 / 0 tx / 0 om / 0 (0.0%) gas / (0x59f630a5576e8d164d0782d0d30a409d894350487be95a50e3f0b7a136e5b488) in 0.003s. Peers: 7","throwable":""}
{"timestamp":"2025-11-28T11:31:01,020","container":"03efa3bc8c18","level":"INFO","thread":"EthScheduler-Workers-0","class":"PersistBlockTask","message":"Imported #9 / 0 tx / 0 om / 0 (0.0%) gas / (0x6bab176593bb801a22264b1bdd0a1c9a4ebcfd540911698b08b4177e3768714e) in 0.002s. Peers: 7","throwable":""}
{"timestamp":"2025-11-28T11:31:06,046","container":"03efa3bc8c18","level":"INFO","thread":"EthScheduler-Workers-0","class":"PersistBlockTask","message":"Imported #10 / 0 tx / 0 om / 0 (0.0%) gas / (0x5940ef1834d4e79d058cda4121922ebaac809a13f2330d5bb32351475ea1f992) in 0.007s. Peers: 7","throwable":""}
{"timestamp":"2025-11-28T11:31:11,033","container":"03efa3bc8c18","level":"INFO","thread":"EthScheduler-Workers-0","class":"PersistBlockTask","message":"Imported #11 / 0 tx / 0 om / 0 (0.0%) gas / (0xbd00e06c136b69ce72b1891efd58468af4bda43b4b00b979b84c4b48efd2192f) in 0.002s. Peers: 7","throwable":""}
{"timestamp":"2025-11-28T11:31:16,035","container":"03efa3bc8c18","level":"INFO","thread":"EthScheduler-Workers-0","class":"PersistBlockTask","message":"Imported #12 / 0 tx / 0 om / 0 (0.0%) gas / (0x6e6c7f96fcb62a2750d1895d2d01d0671393e6c14bd1bead6e791aa2101bfd65) in 0.005s. Peers: 7","throwable":""}
{"timestamp":"2025-11-28T11:31:21,044","container":"03efa3bc8c18","level":"INFO","thread":"EthScheduler-Workers-0","class":"PersistBlockTask","message":"Imported #13 / 0 tx / 0 om / 0 (0.0%) gas / (0x851a925b03b0bac905d12e2ba714d78514aa078e0b1f662f21a8a2d04ade9cea) in 0.006s. Peers: 7","throwable":""}
{"timestamp":"2025-11-28T11:31:26,060","container":"03efa3bc8c18","level":"INFO","thread":"EthScheduler-Workers-0","class":"PersistBlockTask","message":"Imported #14 / 0 tx / 0 om / 0 (0.0%) gas / (0x81ab514e3258c77059691c44e2db1d2ed9f30137d50693b58e61b1ce297b34e0) in 0.003s. Peers: 7","throwable":""}
{"timestamp":"2025-11-28T11:31:31,044","container":"03efa3bc8c18","level":"INFO","thread":"EthScheduler-Workers-0","class":"PersistBlockTask","message":"Imported #15 / 0 tx / 0 om / 0 (0.0%) gas / (0x63abb612e0d4a719183a69bc031dfc73751af4415e21427fb5839c6f90423dc7) in 0.004s. Peers: 7","throwable":""}
{"timestamp":"2025-11-28T11:31:36,021","container":"03efa3bc8c18","level":"INFO","thread":"EthScheduler-Workers-0","class":"PersistBlockTask","message":"Imported #16 / 0 tx / 0 om / 0 (0.0%) gas / (0x1e5f3747e745c74ff49160ba326ec8a50e517779a4f18089422499d5976c4787) in 0.002s. Peers: 7","throwable":""}
{"timestamp":"2025-11-28T11:31:41,029","container":"03efa3bc8c18","level":"INFO","thread":"EthScheduler-Workers-0","class":"PersistBlockTask","message":"Imported #17 / 0 tx / 0 om / 0 (0.0%) gas / (0xd33d52a48151991c54176228b7c707e40de1ee29fc7c905af47a4d2fc7ded2ba) in 0.006s. Peers: 7","throwable":""}
{"timestamp":"2025-11-28T11:31:46,034","container":"03efa3bc8c18","level":"INFO","thread":"EthScheduler-Workers-0","class":"PersistBlockTask","message":"Imported #18 / 0 tx / 0 om / 0 (0.0%) gas / (0x4cc361243cdf8f9b1762da83badffa69f25a1cf6021e096126797dbe4068cfd8) in 0.010s. Peers: 7","throwable":""}
{"timestamp":"2025-11-28T11:31:51,068","container":"03efa3bc8c18","level":"INFO","thread":"EthScheduler-Workers-0","class":"PersistBlockTask","message":"Imported #19 / 0 tx / 0 om / 0 (0.0%) gas / (0x1da04f2a2804427cc54419d117b1984c905a349dcf1e5d9a91f1c0b4bc463c36) in 0.003s. Peers: 7","throwable":""}
{"timestamp":"2025-11-28T11:31:56,024","container":"03efa3bc8c18","level":"INFO","thread":"EthScheduler-Workers-0","class":"PersistBlockTask","message":"Imported #20 / 0 tx / 0 om / 0 (0.0%) gas / (0x80de9696bed6d23fa426085ea567106647e27f566ebd0e3a04151f080585baa7) in 0.004s. Peers: 7","throwable":""}
{"timestamp":"2025-11-28T11:32:01,057","container":"03efa3bc8c18","level":"INFO","thread":"EthScheduler-Workers-0","class":"PersistBlockTask","message":"Imported #21 / 0 tx / 0 om / 0 (0.0%) gas / (0x5f0d1733fde6e212ea75f7683ea6fcc6f8a59c6e45c488b8b18bce02cc26384f) in 0.013s. Peers: 7","throwable":""}
{"timestamp":"2025-11-28T11:32:06,020","container":"03efa3bc8c18","level":"INFO","thread":"EthScheduler-Workers-0","class":"PersistBlockTask","message":"Imported #22 / 0 tx / 0 om / 0 (0.0%) gas / (0xde3c5277e709295a565ae0fdc8426f3e425f16ffa3af1eb951ca2b0f2b7df8ef) in 0.003s. Peers: 7","throwable":""}
{"timestamp":"2025-11-28T11:32:11,026","container":"03efa3bc8c18","level":"INFO","thread":"EthScheduler-Workers-0","class":"PersistBlockTask","message":"Imported #23 / 0 tx / 0 om / 0 (0.0%) gas / (0xd85ea1185db87b802a309ff438a3e40cc019ffcd7008e2b58beb30c3c69bb83c) in 0.003s. Peers: 7","throwable":""}
{"timestamp":"2025-11-28T11:32:16,041","container":"03efa3bc8c18","level":"INFO","thread":"EthScheduler-Workers-0","class":"PersistBlockTask","message":"Imported #24 / 0 tx / 0 om / 0 (0.0%) gas / (0x51675d2c77f64f6719bc28a95a49c9bde6c229a4e7aaf2b8a00109568028e0ef) in 0.010s. Peers: 7","throwable":""}
{"timestamp":"2025-11-28T11:32:21,019","container":"03efa3bc8c18","level":"INFO","thread":"EthScheduler-Workers-0","class":"PersistBlockTask","message":"Imported #25 / 0 tx / 0 om / 0 (0.0%) gas / (0xa084688797930ee19332a265a98f27c1de2572c9a84068e977ce692b7f3dc3c0) in 0.002s. Peers: 7","throwable":""}
{"timestamp":"2025-11-28T11:32:26,032","container":"03efa3bc8c18","level":"INFO","thread":"EthScheduler-Workers-0","class":"PersistBlockTask","message":"Imported #26 / 0 tx / 0 om / 0 (0.0%) gas / (0x16238f5665ef912dd8aeba2d8cce5d12dd75021d9bbd65871da879cce1c57f77) in 0.005s. Peers: 7","throwable":""}
{"timestamp":"2025-11-28T11:32:31,024","container":"03efa3bc8c18","level":"INFO","thread":"EthScheduler-Workers-0","class":"PersistBlockTask","message":"Imported #27 / 0 tx / 0 om / 0 (0.0%) gas / (0xc7146e16e8d3d5e30918fbe5594601b98bfa1706a270365a1cbd89cc78e96fdd) in 0.004s. Peers: 7","throwable":""}
{"timestamp":"2025-11-28T11:32:36,027","container":"03efa3bc8c18","level":"INFO","thread":"EthScheduler-Workers-0","class":"PersistBlockTask","message":"Imported #28 / 0 tx / 0 om / 0 (0.0%) gas / (0x76c61783eb5545d9c389a5cf8eda960ec85b97c6c8f2b15b3952cbd5c0a0c203) in 0.004s. Peers: 7","throwable":""}
{"timestamp":"2025-11-28T11:32:41,024","container":"03efa3bc8c18","level":"INFO","thread":"EthScheduler-Workers-0","class":"PersistBlockTask","message":"Imported #29 / 0 tx / 0 om / 0 (0.0%) gas / (0xa188ab2eca735eb286b0dbaa6d3f74b6506ddfa77c004ce7fd4390104e9af1a4) in 0.004s. Peers: 7","throwable":""}
{"timestamp":"2025-11-28T11:32:46,035","container":"03efa3bc8c18","level":"INFO","thread":"EthScheduler-Workers-0","class":"PersistBlockTask","message":"Imported #30 / 0 tx / 0 om / 0 (0.0%) gas / (0xc46845b53b214afdbd3c10b1a4ee2bd717a8014de154b0755a613ee783de1661) in 0.007s. Peers: 7","throwable":""}
{"timestamp":"2025-11-28T11:32:51,017","container":"03efa3bc8c18","level":"INFO","thread":"EthScheduler-Workers-0","class":"PersistBlockTask","message":"Imported #31 / 0 tx / 0 om / 0 (0.0%) gas / (0x328f74dbb038e71a9f87ba73fb8df7263bba7c7722ff15c67b9a6a4c3514df3f) in 0.002s. Peers: 7","throwable":""}
{"timestamp":"2025-11-28T11:32:56,029","container":"03efa3bc8c18","level":"INFO","thread":"EthScheduler-Workers-0","class":"PersistBlockTask","message":"Imported #32 / 0 tx / 0 om / 0 (0.0%) gas / (0x78ee85ff3d264e1240ed13e525db00ed2585bb82adfe1df6d1dbeb8b229e6161) in 0.003s. Peers: 7","throwable":""}
{"timestamp":"2025-11-28T11:33:01,031","container":"03efa3bc8c18","level":"INFO","thread":"EthScheduler-Workers-0","class":"PersistBlockTask","message":"Imported #33 / 0 tx / 0 om / 0 (0.0%) gas / (0xbd834f34fcacebcfe6b5259df9682574ce1d0d6f086490cb94b9faf4026d0cee) in 0.004s. Peers: 7","throwable":""}
{"timestamp":"2025-11-28T11:33:06,027","container":"03efa3bc8c18","level":"INFO","thread":"EthScheduler-Workers-0","class":"PersistBlockTask","message":"Imported #34 / 0 tx / 0 om / 0 (0.0%) gas / (0x34e751ac98b26e587018e3188a2bf64f3e148fcd2ab9876ccb8e6fccc898b08e) in 0.003s. Peers: 7","throwable":""}
{"timestamp":"2025-11-28T11:33:11,024","container":"03efa3bc8c18","level":"INFO","thread":"EthScheduler-Workers-0","class":"PersistBlockTask","message":"Imported #35 / 0 tx / 0 om / 0 (0.0%) gas / (0xead8224ad15f3abb8cc46dd64e4782892d67f79a06f7e0a419e330369eaf75d4) in 0.003s. Peers: 7","throwable":""}
{"timestamp":"2025-11-28T11:33:16,024","container":"03efa3bc8c18","level":"INFO","thread":"EthScheduler-Workers-0","class":"PersistBlockTask","message":"Imported #36 / 0 tx / 0 om / 0 (0.0%) gas / (0x0dca1e2056bba1feed7fd6f70ae418099a0954c54bc7c8f4edf4affaa9e1f9ad) in 0.007s. Peers: 7","throwable":""}
{"timestamp":"2025-11-28T11:33:21,029","container":"03efa3bc8c18","level":"INFO","thread":"EthScheduler-Workers-0","class":"PersistBlockTask","message":"Imported #37 / 0 tx / 0 om / 0 (0.0%) gas / (0x6ceed2d291c4113bc31d2af4eb58675d2199da756155ac330e649a18a3c4c998) in 0.005s. Peers: 7","throwable":""}
{"timestamp":"2025-11-28T11:33:26,021","container":"03efa3bc8c18","level":"INFO","thread":"EthScheduler-Workers-0","class":"PersistBlockTask","message":"Imported #38 / 0 tx / 0 om / 0 (0.0%) gas / (0x85302e7d978857e8178e31ab00200adb9ff06086d0ad35eacb436c962540ae6c) in 0.003s. Peers: 7","throwable":""}
{"timestamp":"2025-11-28T11:33:31,020","container":"03efa3bc8c18","level":"INFO","thread":"EthScheduler-Workers-0","class":"PersistBlockTask","message":"Imported #39 / 0 tx / 0 om / 0 (0.0%) gas / (0xd3cb2c4d930ea77964cfc6d36259ec78a30e9f8bfc657e9f997864f0063d038d) in 0.005s. Peers: 7","throwable":""}
{"timestamp":"2025-11-28T11:33:36,020","container":"03efa3bc8c18","level":"INFO","thread":"EthScheduler-Workers-0","class":"PersistBlockTask","message":"Imported #40 / 0 tx / 0 om / 0 (0.0%) gas / (0x3c73bc3308fc38961f207b18a8d0e265b9e254bf8aaa1a24adc8b154085015fc) in 0.002s. Peers: 7","throwable":""}
{"timestamp":"2025-11-28T11:33:41,021","container":"03efa3bc8c18","level":"INFO","thread":"EthScheduler-Workers-0","class":"PersistBlockTask","message":"Imported #41 / 0 tx / 0 om / 0 (0.0%) gas / (0x262b6c1368aceff6ee3b16e1a3c68ca4bdeb1687cebb11ba4d79d5c4f08ef5eb) in 0.003s. Peers: 7","throwable":""}
{"timestamp":"2025-11-28T11:33:46,016","container":"03efa3bc8c18","level":"INFO","thread":"EthScheduler-Workers-0","class":"PersistBlockTask","message":"Imported #42 / 0 tx / 0 om / 0 (0.0%) gas / (0x67d50148c19efff0bf268fecb4c7d2c1c5733160bb9d71979a3f4d75d4e90970) in 0.004s. Peers: 7","throwable":""}
{"timestamp":"2025-11-28T11:33:51,030","container":"03efa3bc8c18","level":"INFO","thread":"EthScheduler-Workers-0","class":"PersistBlockTask","message":"Imported #43 / 0 tx / 0 om / 0 (0.0%) gas / (0xeef24aa03e530d9d111878e84ce7d5f0c39d4504a7799e40e426585af5b44033) in 0.004s. Peers: 7","throwable":""}
{"timestamp":"2025-11-28T11:33:56,020","container":"03efa3bc8c18","level":"INFO","thread":"EthScheduler-Workers-0","class":"PersistBlockTask","message":"Imported #44 / 0 tx / 0 om / 0 (0.0%) gas / (0x39cf06a3213c8c8c5b7fd27709276df38111f399ff70fc7513f68f652de4c302) in 0.003s. Peers: 7","throwable":""}
{"timestamp":"2025-11-28T11:34:01,020","container":"03efa3bc8c18","level":"INFO","thread":"EthScheduler-Workers-0","class":"PersistBlockTask","message":"Imported #45 / 0 tx / 0 om / 0 (0.0%) gas / (0x5e43210257de71054036db89e3eb8b3f83b07816d9f6a10e3283311fef0973e5) in 0.002s. Peers: 7","throwable":""}
{"timestamp":"2025-11-28T11:34:06,013","container":"03efa3bc8c18","level":"INFO","thread":"EthScheduler-Workers-0","class":"PersistBlockTask","message":"Imported #46 / 0 tx / 0 om / 0 (0.0%) gas / (0x76253b2045e5ddbd759db308a95edc59ccfc2428dc153c30636a02a4ca5f1815) in 0.001s. Peers: 7","throwable":""}
{"timestamp":"2025-11-28T11:34:11,013","container":"03efa3bc8c18","level":"INFO","thread":"EthScheduler-Workers-0","class":"PersistBlockTask","message":"Imported #47 / 0 tx / 0 om / 0 (0.0%) gas / (0xd528daf272dfe7f8b4dbbd276f1a09173c9ade6595a4c495f3d3c3d235532339) in 0.001s. Peers: 7","throwable":""}
{"timestamp":"2025-11-28T11:34:16,024","container":"03efa3bc8c18","level":"INFO","thread":"EthScheduler-Workers-0","class":"PersistBlockTask","message":"Imported #48 / 0 tx / 0 om / 0 (0.0%) gas / (0x4f52d950466dbc56fa7b10954bf7424902ae556a3cf5daf69e847e9f4d121afb) in 0.005s. Peers: 7","throwable":""}
{"timestamp":"2025-11-28T11:34:21,020","container":"03efa3bc8c18","level":"INFO","thread":"EthScheduler-Workers-0","class":"PersistBlockTask","message":"Imported #49 / 0 tx / 0 om / 0 (0.0%) gas / (0x06f5820aff959583cf486070241b7bc91c0bb927c27c5ffa953fc4f4c77e5362) in 0.002s. Peers: 7","throwable":""}
{"timestamp":"2025-11-28T11:34:26,032","container":"03efa3bc8c18","level":"INFO","thread":"EthScheduler-Workers-0","class":"PersistBlockTask","message":"Imported #50 / 0 tx / 0 om / 0 (0.0%) gas / (0x12bcef7c13d0906292bf024486c69da23a55dd38b33a324c3f92947f3c3d4c1f) in 0.006s. Peers: 7","throwable":""}
{"timestamp":"2025-11-28T11:34:31,018","container":"03efa3bc8c18","level":"INFO","thread":"EthScheduler-Workers-0","class":"PersistBlockTask","message":"Imported #51 / 0 tx / 0 om / 0 (0.0%) gas / (0xe62f77cb93ffe31ec52f10b653e7376884f1049ac1fe93898b81e3879afa3668) in 0.002s. Peers: 7","throwable":""}
{"timestamp":"2025-11-28T11:34:36,032","container":"03efa3bc8c18","level":"INFO","thread":"EthScheduler-Workers-0","class":"PersistBlockTask","message":"Imported #52 / 0 tx / 0 om / 0 (0.0%) gas / (0x00fc754f750d065bd9fb730d43b7a8ba00043eb263455f18b6de83a3c0b6ad2a) in 0.012s. Peers: 7","throwable":""}
{"timestamp":"2025-11-28T11:34:41,023","container":"03efa3bc8c18","level":"INFO","thread":"EthScheduler-Workers-0","class":"PersistBlockTask","message":"Imported #53 / 0 tx / 0 om / 0 (0.0%) gas / (0xbabc0a7f79ec9c3b7d5d38ef877ff99913705090dfb3b995feb7c9308f226d62) in 0.003s. Peers: 7","throwable":""}
{"timestamp":"2025-11-28T11:34:46,016","container":"03efa3bc8c18","level":"INFO","thread":"EthScheduler-Workers-0","class":"PersistBlockTask","message":"Imported #54 / 0 tx / 0 om / 0 (0.0%) gas / (0x0e4dc2a34c216eac8d7f7bceb1a25607c858b90ebdc5329dce9503d3b00c21dd) in 0.001s. Peers: 7","throwable":""}
{"timestamp":"2025-11-28T11:34:51,009","container":"03efa3bc8c18","level":"INFO","thread":"EthScheduler-Workers-0","class":"PersistBlockTask","message":"Imported #55 / 0 tx / 0 om / 0 (0.0%) gas / (0xa19b511b2e1e0c6a5d457b358acecf572c7d631fa5075ada4350e0e573b508a9) in 0.001s. Peers: 7","throwable":""}
{"timestamp":"2025-11-28T11:34:56,015","container":"03efa3bc8c18","level":"INFO","thread":"EthScheduler-Workers-0","class":"PersistBlockTask","message":"Imported #56 / 0 tx / 0 om / 0 (0.0%) gas / (0xa67127e9fcdcd8d876e72dee16c2eb0aa9c8c008826e0f25665254d8ea7d1c93) in 0.001s. Peers: 7","throwable":""}
{"timestamp":"2025-11-28T11:35:01,021","container":"03efa3bc8c18","level":"INFO","thread":"EthScheduler-Workers-0","class":"PersistBlockTask","message":"Imported #57 / 0 tx / 0 om / 0 (0.0%) gas / (0xa61623ec49217d922de5deced2d11f205473b55728e57352fc5202ac607a2e60) in 0.002s. Peers: 7","throwable":""}
{"timestamp":"2025-11-28T11:35:06,023","container":"03efa3bc8c18","level":"INFO","thread":"EthScheduler-Workers-0","class":"PersistBlockTask","message":"Imported #58 / 0 tx / 0 om / 0 (0.0%) gas / (0x446eb54a4017e969de5b5981eec616a9dd07bb186d84b49bd90f86b74a5ed695) in 0.005s. Peers: 7","throwable":""}
{"timestamp":"2025-11-28T11:35:11,010","container":"03efa3bc8c18","level":"INFO","thread":"EthScheduler-Workers-0","class":"PersistBlockTask","message":"Imported #59 / 0 tx / 0 om / 0 (0.0%) gas / (0x3dfee1b84d8005765f85bb679aa6e97168737f9669019e07fe300f613dc56e2f) in 0.001s. Peers: 7","throwable":""}
{"timestamp":"2025-11-28T11:35:16,015","container":"03efa3bc8c18","level":"INFO","thread":"EthScheduler-Workers-0","class":"PersistBlockTask","message":"Imported #60 / 0 tx / 0 om / 0 (0.0%) gas / (0xcc83fdf1ee666c6a0010f33a0e9af8337bfcfccefc83ab676d29d657d3f9e50e) in 0.001s. Peers: 7","throwable":""}
{"timestamp":"2025-11-28T11:35:21,013","container":"03efa3bc8c18","level":"INFO","thread":"EthScheduler-Workers-0","class":"PersistBlockTask","message":"Imported #61 / 0 tx / 0 om / 0 (0.0%) gas / (0x2482e651278ed9ee88f35783adbaaa9c25aaa5175bc2f1f5807745d84a3d3fd3) in 0.001s. Peers: 7","throwable":""}
{"timestamp":"2025-11-28T11:35:26,019","container":"03efa3bc8c18","level":"INFO","thread":"EthScheduler-Workers-0","class":"PersistBlockTask","message":"Imported #62 / 0 tx / 0 om / 0 (0.0%) gas / (0xb792d29bb0a8a8a0c2dc46e4f3f399db624ac8fa0b786131ad17f03357163acd) in 0.004s. Peers: 7","throwable":""}
{"timestamp":"2025-11-28T11:35:31,020","container":"03efa3bc8c18","level":"INFO","thread":"EthScheduler-Workers-0","class":"PersistBlockTask","message":"Imported #63 / 0 tx / 0 om / 0 (0.0%) gas / (0xac6aeedf08b34d8948df36d0f27903932748c001a5dad2c3fba7cf8efb513123) in 0.003s. Peers: 7","throwable":""}
{"timestamp":"2025-11-28T11:35:36,023","container":"03efa3bc8c18","level":"INFO","thread":"EthScheduler-Workers-0","class":"PersistBlockTask","message":"Imported #64 / 0 tx / 0 om / 0 (0.0%) gas / (0x93e6a58691e6bd18d5f7c43e25906fec44d72f65ec2fe92cbb952f4f0ac2b596) in 0.002s. Peers: 7","throwable":""}
{"timestamp":"2025-11-28T11:35:41,021","container":"03efa3bc8c18","level":"INFO","thread":"EthScheduler-Workers-0","class":"PersistBlockTask","message":"Imported #65 / 0 tx / 0 om / 0 (0.0%) gas / (0x1b8e6827f64f45a2ec9074f3a84f394fa3a4c7554642cf6def0e2cc2bb70050d) in 0.002s. Peers: 7","throwable":""}
{"timestamp":"2025-11-28T11:35:46,016","container":"03efa3bc8c18","level":"INFO","thread":"EthScheduler-Workers-0","class":"PersistBlockTask","message":"Imported #66 / 0 tx / 0 om / 0 (0.0%) gas / (0xdfcd38c7badd172f9df15bfe5230118b8471d0a1117130e064ad2e3f54748c49) in 0.002s. Peers: 7","throwable":""}
{"timestamp":"2025-11-28T11:35:51,018","container":"03efa3bc8c18","level":"INFO","thread":"EthScheduler-Workers-0","class":"PersistBlockTask","message":"Imported #67 / 0 tx / 0 om / 0 (0.0%) gas / (0x2dff6d2e4b920def26b117b679de8f9c4fbe55f1634026d8821b331515e7b7ad) in 0.002s. Peers: 7","throwable":""}
{"timestamp":"2025-11-28T11:35:56,014","container":"03efa3bc8c18","level":"INFO","thread":"EthScheduler-Workers-0","class":"PersistBlockTask","message":"Imported #68 / 0 tx / 0 om / 0 (0.0%) gas / (0xd0d3b45fad8447227c9560b118b55838d6e7177a9a17ec483509847c38c2b924) in 0.001s. Peers: 7","throwable":""}
{"timestamp":"2025-11-28T11:36:01,022","container":"03efa3bc8c18","level":"INFO","thread":"EthScheduler-Workers-0","class":"PersistBlockTask","message":"Imported #69 / 0 tx / 0 om / 0 (0.0%) gas / (0xa384259d2c48b1ee562dc7b713f6ac1000b8c6cd5258def6a97619fd76267538) in 0.003s. Peers: 7","throwable":""}
{"timestamp":"2025-11-28T11:36:06,017","container":"03efa3bc8c18","level":"INFO","thread":"EthScheduler-Workers-0","class":"PersistBlockTask","message":"Imported #70 / 0 tx / 0 om / 0 (0.0%) gas / (0x276387148790afb121640b5d7820a3e0cd69ad2de3c0715fc70ef470880ec57e) in 0.002s. Peers: 7","throwable":""}
{"timestamp":"2025-11-28T11:36:11,019","container":"03efa3bc8c18","level":"INFO","thread":"EthScheduler-Workers-0","class":"PersistBlockTask","message":"Imported #71 / 0 tx / 0 om / 0 (0.0%) gas / (0x4dcb0487d8ba482f3a66aecfa9a9b2cc127f9ab562d9174520a16a937a4c7bb2) in 0.003s. Peers: 7","throwable":""}
{"timestamp":"2025-11-28T11:36:16,019","container":"03efa3bc8c18","level":"INFO","thread":"EthScheduler-Workers-0","class":"PersistBlockTask","message":"Imported #72 / 0 tx / 0 om / 0 (0.0%) gas / (0x9814d005d14c8404ad42ddc0b24d0d87c5abaecceef187f940f3ea835c956fe3) in 0.002s. Peers: 7","throwable":""}
{"timestamp":"2025-11-28T11:36:21,020","container":"03efa3bc8c18","level":"INFO","thread":"EthScheduler-Workers-0","class":"PersistBlockTask","message":"Imported #73 / 0 tx / 0 om / 0 (0.0%) gas / (0x630e656ffc662d0e622e23d5e4ad8a5b67b9596f3217c4dcda15cbfae74ccd82) in 0.002s. Peers: 7","throwable":""}
{"timestamp":"2025-11-28T11:36:26,021","container":"03efa3bc8c18","level":"INFO","thread":"EthScheduler-Workers-0","class":"PersistBlockTask","message":"Imported #74 / 0 tx / 0 om / 0 (0.0%) gas / (0x2c4246b9e4640c8e79c78848835521c8a774630bb97c102332b15fbb26a35581) in 0.003s. Peers: 7","throwable":""}
{"timestamp":"2025-11-28T11:36:31,023","container":"03efa3bc8c18","level":"INFO","thread":"EthScheduler-Workers-0","class":"PersistBlockTask","message":"Imported #75 / 0 tx / 0 om / 0 (0.0%) gas / (0x34bf2363a28b8ad2a0a89db87aa758b5397161da85f53c8606376932012b2a6d) in 0.003s. Peers: 7","throwable":""}
{"timestamp":"2025-11-28T11:36:36,018","container":"03efa3bc8c18","level":"INFO","thread":"EthScheduler-Workers-0","class":"PersistBlockTask","message":"Imported #76 / 0 tx / 0 om / 0 (0.0%) gas / (0x205c0a2585c19eadd9ceb2a27bd49d3f16f02033e56443e0dde4b601dca32b7e) in 0.002s. Peers: 7","throwable":""}
{"timestamp":"2025-11-28T11:36:41,055","container":"03efa3bc8c18","level":"INFO","thread":"EthScheduler-Workers-0","class":"PersistBlockTask","message":"Imported #77 / 0 tx / 0 om / 0 (0.0%) gas / (0x2209bcfa6d820f4fdd0f5e2be2408c06135909c4b5a3a1e0a9845250b23ad6eb) in 0.001s. Peers: 7","throwable":""}
{"timestamp":"2025-11-28T11:36:46,021","container":"03efa3bc8c18","level":"INFO","thread":"EthScheduler-Workers-0","class":"PersistBlockTask","message":"Imported #78 / 0 tx / 0 om / 0 (0.0%) gas / (0xb7046dc732aacb7b1cecd3aafdc5425793f3d304cd0fd407dc9924b2c6694477) in 0.004s. Peers: 7","throwable":""}
{"timestamp":"2025-11-28T11:36:51,024","container":"03efa3bc8c18","level":"INFO","thread":"EthScheduler-Workers-0","class":"PersistBlockTask","message":"Imported #79 / 0 tx / 0 om / 0 (0.0%) gas / (0xf72d2f3ba68d331da0ccd0cf2d37f41cac641bde1c117485cc56e09deb283914) in 0.003s. Peers: 7","throwable":""}
{"timestamp":"2025-11-28T11:36:56,010","container":"03efa3bc8c18","level":"INFO","thread":"EthScheduler-Workers-0","class":"PersistBlockTask","message":"Imported #80 / 0 tx / 0 om / 0 (0.0%) gas / (0x18b8aa8783af65957b7d0bd4e0f0bb94aa0ec0a6e1af463cc5aec9711e2b8a4a) in 0.001s. Peers: 7","throwable":""}
{"timestamp":"2025-11-28T11:37:01,016","container":"03efa3bc8c18","level":"INFO","thread":"EthScheduler-Workers-0","class":"PersistBlockTask","message":"Imported #81 / 0 tx / 0 om / 0 (0.0%) gas / (0xde8af1fbbb20181606e1d8a19cc40ddf340f7aa0e90577a73315024c9ff86db7) in 0.002s. Peers: 7","throwable":""}
{"timestamp":"2025-11-28T11:37:06,021","container":"03efa3bc8c18","level":"INFO","thread":"EthScheduler-Workers-0","class":"PersistBlockTask","message":"Imported #82 / 0 tx / 0 om / 0 (0.0%) gas / (0x7ccfc4f6ad3929bfc9969090fdb314ede0d03aa5facc076172c759623699d37c) in 0.003s. Peers: 7","throwable":""}
{"timestamp":"2025-11-28T11:37:11,018","container":"03efa3bc8c18","level":"INFO","thread":"EthScheduler-Workers-0","class":"PersistBlockTask","message":"Imported #83 / 0 tx / 0 om / 0 (0.0%) gas / (0xb4df6db8ad3c9ed5983a409bb793f9a5767ab054091aa2a83d8037edb279f25f) in 0.002s. Peers: 7","throwable":""}
{"timestamp":"2025-11-28T11:37:16,017","container":"03efa3bc8c18","level":"INFO","thread":"EthScheduler-Workers-0","class":"PersistBlockTask","message":"Imported #84 / 0 tx / 0 om / 0 (0.0%) gas / (0x99afdfa318ee1e61fa7f82098efc3abaf6a98f616ef199bd3a9bf964c43c98a5) in 0.002s. Peers: 7","throwable":""}
{"timestamp":"2025-11-28T11:37:21,023","container":"03efa3bc8c18","level":"INFO","thread":"EthScheduler-Workers-0","class":"PersistBlockTask","message":"Imported #85 / 0 tx / 0 om / 0 (0.0%) gas / (0x0e289d167edb1c5dc2552abd6c748cb587744258f7c20e489469c792b4441fee) in 0.003s. Peers: 7","throwable":""}
{"timestamp":"2025-11-28T11:37:26,013","container":"03efa3bc8c18","level":"INFO","thread":"EthScheduler-Workers-0","class":"PersistBlockTask","message":"Imported #86 / 0 tx / 0 om / 0 (0.0%) gas / (0x03d251c29b535867ff0b05858fcd6c2a2ff385f9bcb01d3c42c969ec6ace5112) in 0.001s. Peers: 7","throwable":""}
{"timestamp":"2025-11-28T11:37:31,018","container":"03efa3bc8c18","level":"INFO","thread":"EthScheduler-Workers-0","class":"PersistBlockTask","message":"Imported #87 / 0 tx / 0 om / 0 (0.0%) gas / (0x6ce7ae3cace5d6ac152f188fd077f31e97ffed6c9c06ff76e9f3f1ed4e08dbb5) in 0.002s. Peers: 7","throwable":""}
{"timestamp":"2025-11-28T11:37:36,020","container":"03efa3bc8c18","level":"INFO","thread":"EthScheduler-Workers-0","class":"PersistBlockTask","message":"Imported #88 / 0 tx / 0 om / 0 (0.0%) gas / (0x328763176160e3e4b84f82e92d71a0085cbb5c8cb729df56b94519167bec3b7e) in 0.002s. Peers: 7","throwable":""}
{"timestamp":"2025-11-28T11:37:41,020","container":"03efa3bc8c18","level":"INFO","thread":"EthScheduler-Workers-0","class":"PersistBlockTask","message":"Imported #89 / 0 tx / 0 om / 0 (0.0%) gas / (0xe7b557214e3291698688177d369c7c017a33ee92268c29bbe964f872bb5fc040) in 0.002s. Peers: 7","throwable":""}
{"timestamp":"2025-11-28T11:37:46,017","container":"03efa3bc8c18","level":"INFO","thread":"EthScheduler-Workers-0","class":"PersistBlockTask","message":"Imported #90 / 0 tx / 0 om / 0 (0.0%) gas / (0x59b1fe30ead0a78f5d49021395b42ccb189d7fb04566354fc652ad467473bd12) in 0.001s. Peers: 7","throwable":""}
{"timestamp":"2025-11-28T11:37:51,017","container":"03efa3bc8c18","level":"INFO","thread":"EthScheduler-Workers-0","class":"PersistBlockTask","message":"Imported #91 / 0 tx / 0 om / 0 (0.0%) gas / (0xe4ed3c4a262ef064005526fe9c17d8055501638fa2c73938e8e3998ab2b724f7) in 0.002s. Peers: 7","throwable":""}
{"timestamp":"2025-11-28T11:37:56,016","container":"03efa3bc8c18","level":"INFO","thread":"EthScheduler-Workers-0","class":"PersistBlockTask","message":"Imported #92 / 0 tx / 0 om / 0 (0.0%) gas / (0x3c682a15b0f4655c021a48e0b973acb9d360fd7461cf6322f847937dd68f3aca) in 0.002s. Peers: 7","throwable":""}
{"timestamp":"2025-11-28T11:38:01,017","container":"03efa3bc8c18","level":"INFO","thread":"EthScheduler-Workers-0","class":"PersistBlockTask","message":"Imported #93 / 0 tx / 0 om / 0 (0.0%) gas / (0x49fb74c99a67be192a7338dfa9fe799582577022da9add138055dd91018276eb) in 0.002s. Peers: 7","throwable":""}
{"timestamp":"2025-11-28T11:38:06,012","container":"03efa3bc8c18","level":"INFO","thread":"EthScheduler-Workers-0","class":"PersistBlockTask","message":"Imported #94 / 0 tx / 0 om / 0 (0.0%) gas / (0x5e5b18d144aa62ae82533165ecec934cfb94811b4cef0469d59ba33c2ea16a3c) in 0.001s. Peers: 7","throwable":""}
{"timestamp":"2025-11-28T11:38:11,016","container":"03efa3bc8c18","level":"INFO","thread":"EthScheduler-Workers-0","class":"PersistBlockTask","message":"Imported #95 / 0 tx / 0 om / 0 (0.0%) gas / (0xf16637b9fc52441f1736fc22d466c8f7fc2213fac6141110b194733445ad73e3) in 0.002s. Peers: 7","throwable":""}
{"timestamp":"2025-11-28T11:38:16,011","container":"03efa3bc8c18","level":"INFO","thread":"EthScheduler-Workers-0","class":"PersistBlockTask","message":"Imported #96 / 0 tx / 0 om / 0 (0.0%) gas / (0xf6cc12f2d60d28608086a546357f6537d3f18916e7f8f913533a4082fcd9648b) in 0.001s. Peers: 7","throwable":""}
{"timestamp":"2025-11-28T11:38:21,008","container":"03efa3bc8c18","level":"INFO","thread":"EthScheduler-Workers-0","class":"PersistBlockTask","message":"Imported #97 / 0 tx / 0 om / 0 (0.0%) gas / (0xd62d0ecb1b99b4c9f0e5a0b1593d9645fd2238cb6c4f3c9e335e08f51e9c7cdf) in 0.001s. Peers: 7","throwable":""}
{"timestamp":"2025-11-28T11:38:26,015","container":"03efa3bc8c18","level":"INFO","thread":"EthScheduler-Workers-0","class":"PersistBlockTask","message":"Imported #98 / 0 tx / 0 om / 0 (0.0%) gas / (0xa86e2ec0f571ce94cc0d77b50d5b1501c219ddff7353b31c40c375ec0647365c) in 0.002s. Peers: 7","throwable":""}
{"timestamp":"2025-11-28T11:38:31,012","container":"03efa3bc8c18","level":"INFO","thread":"EthScheduler-Workers-0","class":"PersistBlockTask","message":"Imported #99 / 0 tx / 0 om / 0 (0.0%) gas / (0x78923adbce0d04bbd4a2f6d32c1229a97a835caba6036fd0e6c790d713c0c545) in 0.001s. Peers: 7","throwable":""}
{"timestamp":"2025-11-28T11:38:36,016","container":"03efa3bc8c18","level":"INFO","thread":"EthScheduler-Workers-0","class":"PersistBlockTask","message":"Imported #100 / 0 tx / 0 om / 0 (0.0%) gas / (0x053bc18b6d3a750a87ed2a233ac2e22aa24f9fead8d4da9e512f6545a92f57ed) in 0.003s. Peers: 7","throwable":""}
{"timestamp":"2025-11-28T11:38:41,012","container":"03efa3bc8c18","level":"INFO","thread":"EthScheduler-Workers-0","class":"PersistBlockTask","message":"Imported #101 / 0 tx / 0 om / 0 (0.0%) gas / (0x22c9abb220c6640d3f461226012aa46d15282c649319345ce6d660e884e810b5) in 0.002s. Peers: 7","throwable":""}
{"timestamp":"2025-11-28T11:38:46,017","container":"03efa3bc8c18","level":"INFO","thread":"EthScheduler-Workers-0","class":"PersistBlockTask","message":"Imported #102 / 0 tx / 0 om / 0 (0.0%) gas / (0x5be71a5c3fa19816140b0d7324ac823897b060c96b5a24dbcd53b2deac4732bf) in 0.002s. Peers: 7","throwable":""}
{"timestamp":"2025-11-28T11:38:51,019","container":"03efa3bc8c18","level":"INFO","thread":"EthScheduler-Workers-0","class":"PersistBlockTask","message":"Imported #103 / 0 tx / 0 om / 0 (0.0%) gas / (0x90b9bf2e3cd66a444dc4926b5324ae62904a2876bbef36224c5078e7feb94266) in 0.002s. Peers: 7","throwable":""}
{"timestamp":"2025-11-28T11:38:56,015","container":"03efa3bc8c18","level":"INFO","thread":"EthScheduler-Workers-0","class":"PersistBlockTask","message":"Imported #104 / 0 tx / 0 om / 0 (0.0%) gas / (0x78ce06f4e1fefd5ff3aa2d4e17e38daf87051c5cffdec3f8d10520c64113ef47) in 0.003s. Peers: 7","throwable":""}
{"timestamp":"2025-11-28T11:39:01,022","container":"03efa3bc8c18","level":"INFO","thread":"EthScheduler-Workers-0","class":"PersistBlockTask","message":"Imported #105 / 0 tx / 0 om / 0 (0.0%) gas / (0xcf897af8a9f9c4a62be43ce8bb277b9d7261bfb91fba8b31135bb7c04c318a2e) in 0.005s. Peers: 7","throwable":""}
{"timestamp":"2025-11-28T11:39:06,017","container":"03efa3bc8c18","level":"INFO","thread":"EthScheduler-Workers-0","class":"PersistBlockTask","message":"Imported #106 / 0 tx / 0 om / 0 (0.0%) gas / (0x1742e5dcd72ae7aefb165f5b2a403b40e8f4234e6404e034234ff3854a1d3bb2) in 0.003s. Peers: 7","throwable":""}
{"timestamp":"2025-11-28T11:39:09,518","container":"03efa3bc8c18","level":"INFO","thread":"BftProcessorExecutor-QBFT-0","class":"BftProcessor","message":"Shutting down BFT event processor","throwable":""}
{"timestamp":"2025-11-28T11:39:09,522","container":"03efa3bc8c18","level":"INFO","thread":"BesuCommand-Shutdown-Hook","class":"DefaultSynchronizer","message":"Stopping synchronizer","throwable":""}
{"timestamp":"2025-11-28T11:39:09,526","container":"03efa3bc8c18","level":"INFO","thread":"BesuCommand-Shutdown-Hook","class":"NetworkRunner","message":"Stopping Network.","throwable":""}
{"timestamp":"2025-11-28T11:39:09,550","container":"03efa3bc8c18","level":"INFO","thread":"BesuCommand-Shutdown-Hook","class":"EthProtocolManager","message":"Stopping eth Subprotocol.","throwable":""}
{"timestamp":"2025-11-28T11:39:09,555","container":"03efa3bc8c18","level":"INFO","thread":"BesuCommand-Shutdown-Hook","class":"EthProtocolManager","message":"eth Subprotocol stopped.","throwable":""}
{"timestamp":"2025-11-28T11:39:09,555","container":"03efa3bc8c18","level":"INFO","thread":"BesuCommand-Shutdown-Hook","class":"NetworkRunner","message":"Network stopped.","throwable":""}
{"timestamp":"2025-11-28T11:39:09,556","container":"03efa3bc8c18","level":"INFO","thread":"BesuCommand-Shutdown-Hook","class":"AutoTransactionLogBloomCachingService","message":"Shutting down Auto transaction logs caching service.","throwable":""}
{"timestamp":"2025-11-28T11:39:09,557","container":"03efa3bc8c18","level":"INFO","thread":"BesuCommand-Shutdown-Hook","class":"NatService","message":"No NAT environment detected so no service could be stopped","throwable":""}
