{"timestamp":"2025-11-28T09:26:44,757","container":"461a3940cc3c","level":"INFO","thread":"main","class":"Besu","message":"Starting Besu","throwable":""}
{"timestamp":"2025-11-28T09:26:45,651","container":"461a3940cc3c","level":"WARN","thread":"main","class":"Besu","message":"--min-gas-price has been ignored because --miner-enabled was not defined on the command line.","throwable":""}
{"timestamp":"2025-11-28T09:26:46,640","container":"461a3940cc3c","level":"INFO","thread":"main","class":"Besu","message":"
####################################################################################################
#                                                                                                  #
# Besu version 23.4.1                                                                              #
#                                                                                                  #
# Configuration:                                                                                   #
# Network: Custom genesis file specified                                                           #
# Network Id: 1337                                                                                 #
# Data storage: Forest                                                                             #
# Sync mode: Full                                                                                  #
# RPC HTTP APIs: EEA,WEB3,ETH,NET,TRACE,DEBUG,ADMIN,TXPOOL,PRIV,PERM,QBFT                          #
# RPC HTTP port: 8545                                                                              #
#                                                                                                  #
# Host:                                                                                            #
# Java: openjdk-java-17                                                                            #
# Maximum heap size: 3.81 GB                                                                       #
# OS: linux-x86_64                                                                                 #
# glibc: 2.35                                                                                      #
# jemalloc: 5.2.1-0-gea6b3e973b477b8061e0076bb257dbd7f3faa756                                      #
# Total memory: 15.25 GB                                                                           #
# CPU cores: 16                                                                                    #
#                                                                                                  #
####################################################################################################","throwable":""}
{"timestamp":"2025-11-28T09:26:46,641","container":"461a3940cc3c","level":"INFO","thread":"main","class":"Besu","message":"Connecting to 8 static nodes.","throwable":""}
{"timestamp":"2025-11-28T09:26:46,642","container":"461a3940cc3c","level":"INFO","thread":"main","class":"Besu","message":"Security Module: localfile","throwable":""}
{"timestamp":"2025-11-28T09:26:46,718","container":"461a3940cc3c","level":"INFO","thread":"main","class":"Besu","message":"Using the native implementation of alt bn128","throwable":""}
{"timestamp":"2025-11-28T09:26:46,762","container":"461a3940cc3c","level":"INFO","thread":"main","class":"Besu","message":"Using the native implementation of modexp","throwable":""}
{"timestamp":"2025-11-28T09:26:46,762","container":"461a3940cc3c","level":"INFO","thread":"main","class":"Besu","message":"Using the native implementation of the signature algorithm","throwable":""}
{"timestamp":"2025-11-28T09:26:46,768","container":"461a3940cc3c","level":"INFO","thread":"main","class":"Besu","message":"Using the native implementation of the blake2bf algorithm","throwable":""}
{"timestamp":"2025-11-28T09:26:46,812","container":"461a3940cc3c","level":"INFO","thread":"main","class":"RocksDBKeyValueStorageFactory","message":"No existing database detected at /opt/besu/data. Using version 1","throwable":""}
{"timestamp":"2025-11-28T09:26:48,458","container":"461a3940cc3c","level":"INFO","thread":"main","class":"KeyPairUtil","message":"Loaded public key 0xb9050e002aa42464e6b07c811a1f9dfec01249af03f67b753e8415420649b184447bb2a784863ccbf327ad9e31aaba803464979dfe6a7facc669151a5fa6ad1b from /opt/besu/keys/nodekey","throwable":""}
{"timestamp":"2025-11-28T09:26:48,468","container":"461a3940cc3c","level":"WARN","thread":"main","class":"Besu","message":"Privacy is disabled. Cannot use EEA/PRIV API methods when not using Privacy.","throwable":""}
{"timestamp":"2025-11-28T09:26:49,010","container":"461a3940cc3c","level":"INFO","thread":"main","class":"ProtocolScheduleBuilder","message":"Protocol schedule created with milestones: [GrayGlacier: 0]","throwable":""}
{"timestamp":"2025-11-28T09:26:49,623","container":"461a3940cc3c","level":"INFO","thread":"main","class":"TransactionPoolFactory","message":"Enabling transaction pool","throwable":""}
{"timestamp":"2025-11-28T09:26:49,690","container":"461a3940cc3c","level":"INFO","thread":"main","class":"BesuControllerBuilder","message":"TTD difficulty is not present, creating initial sync phase for PoW","throwable":""}
{"timestamp":"2025-11-28T09:26:49,895","container":"461a3940cc3c","level":"INFO","thread":"main","class":"RunnerBuilder","message":"Detecting NAT service.","throwable":""}
{"timestamp":"2025-11-28T09:26:51,856","container":"461a3940cc3c","level":"INFO","thread":"main","class":"Runner","message":"Starting external services ... ","throwable":""}
{"timestamp":"2025-11-28T09:26:51,857","container":"461a3940cc3c","level":"INFO","thread":"main","class":"MetricsHttpService","message":"Starting metrics http service on 0.0.0.0:9545","throwable":""}
{"timestamp":"2025-11-28T09:26:52,352","container":"461a3940cc3c","level":"INFO","thread":"vert.x-eventloop-thread-1","class":"MetricsHttpService","message":"Metrics service started and listening on 0.0.0.0:9545","throwable":""}
{"timestamp":"2025-11-28T09:26:52,370","container":"461a3940cc3c","level":"INFO","thread":"main","class":"JsonRpcHttpService","message":"Starting JSON-RPC service on 0.0.0.0:8545","throwable":""}
{"timestamp":"2025-11-28T09:26:52,446","container":"461a3940cc3c","level":"INFO","thread":"vert.x-eventloop-thread-1","class":"JsonRpcHttpService","message":"JSON-RPC service started and listening on 0.0.0.0:8545","throwable":""}
{"timestamp":"2025-11-28T09:26:52,453","container":"461a3940cc3c","level":"INFO","thread":"main","class":"GraphQLHttpService","message":"Starting GraphQL HTTP service on 0.0.0.0:8547","throwable":""}
{"timestamp":"2025-11-28T09:26:52,458","container":"461a3940cc3c","level":"INFO","thread":"main","class":"WebSocketService","message":"Starting Websocket service on 0.0.0.0:8546","throwable":""}
{"timestamp":"2025-11-28T09:26:52,459","container":"461a3940cc3c","level":"INFO","thread":"vert.x-eventloop-thread-1","class":"GraphQLHttpService","message":"GraphQL HTTP service started and listening on 0.0.0.0:8547","throwable":""}
{"timestamp":"2025-11-28T09:26:52,469","container":"461a3940cc3c","level":"INFO","thread":"vert.x-eventloop-thread-1","class":"WebSocketService","message":"Websocket service started and listening on 0.0.0.0:8546","throwable":""}
{"timestamp":"2025-11-28T09:26:52,474","container":"461a3940cc3c","level":"INFO","thread":"main","class":"AutoTransactionLogBloomCachingService","message":"Starting auto transaction log bloom caching service.","throwable":""}
{"timestamp":"2025-11-28T09:26:52,478","container":"461a3940cc3c","level":"INFO","thread":"main","class":"LogBloomCacheMetadata","message":"Lookup cache metadata file in data directory: /opt/besu/data/caches","throwable":""}
{"timestamp":"2025-11-28T09:26:52,516","container":"461a3940cc3c","level":"INFO","thread":"main","class":"Runner","message":"Starting Ethereum main loop ... ","throwable":""}
{"timestamp":"2025-11-28T09:26:52,517","container":"461a3940cc3c","level":"INFO","thread":"main","class":"NatService","message":"No NAT environment detected so no service could be started","throwable":""}
{"timestamp":"2025-11-28T09:26:52,517","container":"461a3940cc3c","level":"INFO","thread":"main","class":"NetworkRunner","message":"Starting Network.","throwable":""}
{"timestamp":"2025-11-28T09:26:52,617","container":"461a3940cc3c","level":"INFO","thread":"nioEventLoopGroup-2-1","class":"RlpxAgent","message":"P2P RLPx agent started and listening on /[0:0:0:0:0:0:0:0]:30303.","throwable":""}
{"timestamp":"2025-11-28T09:26:52,626","container":"461a3940cc3c","level":"INFO","thread":"main","class":"PeerDiscoveryAgent","message":"Starting peer discovery agent on host=0.0.0.0, port=30303","throwable":""}
{"timestamp":"2025-11-28T09:26:52,735","container":"461a3940cc3c","level":"INFO","thread":"vert.x-eventloop-thread-1","class":"VertxPeerDiscoveryAgent","message":"Started peer discovery agent successfully, on effective host=0:0:0:0:0:0:0:0%0 and port=30303","throwable":""}
{"timestamp":"2025-11-28T09:26:52,737","container":"461a3940cc3c","level":"INFO","thread":"vert.x-eventloop-thread-1","class":"PeerDiscoveryAgent","message":"P2P peer discovery agent started and listening on /[0:0:0:0:0:0:0:0%0]:30303","throwable":""}
{"timestamp":"2025-11-28T09:26:52,926","container":"461a3940cc3c","level":"INFO","thread":"vert.x-eventloop-thread-1","class":"PeerDiscoveryAgent","message":"Writing node record to disk. NodeRecord{seq=1, publicKey=0x03b9050e002aa42464e6b07c811a1f9dfec01249af03f67b753e8415420649b184, udpAddress=Optional[/172.16.239.12:30303], tcpAddress=Optional[/172.16.239.12:30303], asBase64=-Je4QNL2ckGHTxPmgpYQRXuVgOl07xd66qFsVR0TPzqsslMyOd3AOtWQ4Xv-DgHQy9h_nvVhzY2Il2G6DuNkfupxvJQBg2V0aMfGhMw13_-AgmlkgnY0gmlwhKwQ7wyJc2VjcDI1NmsxoQO5BQ4AKqQkZOawfIEaH53-wBJJrwP2e3U-hBVCBkmxhIN0Y3CCdl-DdWRwgnZf, nodeId=0x27059b2392ab7830b38b2f4d27a97c9aaf04f18f3014c32e036dd0ac76da5f18, customFields={tcp=30303, udp=30303, ip=0xac10ef0c, eth=[[0xcc35dfff, 0x]], id=V4, secp256k1=0x03b9050e002aa42464e6b07c811a1f9dfec01249af03f67b753e8415420649b184}}","throwable":""}
{"timestamp":"2025-11-28T09:26:52,969","container":"461a3940cc3c","level":"INFO","thread":"main","class":"DefaultP2PNetwork","message":"Enode URL enode://b9050e002aa42464e6b07c811a1f9dfec01249af03f67b753e8415420649b184447bb2a784863ccbf327ad9e31aaba803464979dfe6a7facc669151a5fa6ad1b@172.16.239.12:30303","throwable":""}
{"timestamp":"2025-11-28T09:26:52,971","container":"461a3940cc3c","level":"INFO","thread":"main","class":"DefaultP2PNetwork","message":"Node address 0x27a97c9aaf04f18f3014c32e036dd0ac76da5f18","throwable":""}
{"timestamp":"2025-11-28T09:26:53,316","container":"461a3940cc3c","level":"INFO","thread":"main","class":"NetworkRunner","message":"Supported capabilities: [eth/62, eth/63, eth/64, eth/65, eth/66, eth/67, eth/68], [istanbul/100], [snap/1]","throwable":""}
{"timestamp":"2025-11-28T09:26:53,316","container":"461a3940cc3c","level":"INFO","thread":"main","class":"DefaultSynchronizer","message":"Starting synchronizer.","throwable":""}
{"timestamp":"2025-11-28T09:26:53,320","container":"461a3940cc3c","level":"INFO","thread":"main","class":"TransactionPoolFactory","message":"Enabling transaction handling following initial sync","throwable":""}
{"timestamp":"2025-11-28T09:26:53,324","container":"461a3940cc3c","level":"INFO","thread":"main","class":"FullSyncDownloader","message":"Starting full sync.","throwable":""}
{"timestamp":"2025-11-28T09:26:53,325","container":"461a3940cc3c","level":"INFO","thread":"main","class":"FullSyncTargetManager","message":"Unable to find sync target. Currently checking 0 peers for usefulness","throwable":""}
{"timestamp":"2025-11-28T09:26:53,829","container":"461a3940cc3c","level":"INFO","thread":"main","class":"Runner","message":"Ethereum main loop is up.","throwable":""}
{"timestamp":"2025-11-28T09:26:54,008","container":"461a3940cc3c","level":"INFO","thread":"nioEventLoopGroup-3-9","class":"FullSyncTargetManager","message":"Unable to find sync target. Currently checking 5 peers for usefulness","throwable":""}
{"timestamp":"2025-11-28T09:26:54,078","container":"461a3940cc3c","level":"INFO","thread":"nioEventLoopGroup-3-6","class":"FullSyncTargetManager","message":"Unable to find sync target. Currently checking 6 peers for usefulness","throwable":""}
{"timestamp":"2025-11-28T09:26:54,380","container":"461a3940cc3c","level":"INFO","thread":"BftProcessorExecutor-QBFT-0","class":"QbftBesuControllerBuilder","message":"Produced #1 / 0 tx / 0 pending / 0 (0.0%) gas / (0xf8a88821feaefe147596d26e5a737d63560f5d67843efce83a5940df53f89419)","throwable":""}
{"timestamp":"2025-11-28T09:26:54,363","container":"461a3940cc3c","level":"INFO","thread":"nioEventLoopGroup-3-4","class":"FullSyncTargetManager","message":"Unable to find sync target. Currently checking 7 peers for usefulness","throwable":""}
{"timestamp":"2025-11-28T09:26:58,391","container":"461a3940cc3c","level":"INFO","thread":"BftProcessorExecutor-QBFT-0","class":"BftProcessor","message":"Shutting down BFT event processor","throwable":""}
{"timestamp":"2025-11-28T09:26:58,393","container":"461a3940cc3c","level":"INFO","thread":"BesuCommand-Shutdown-Hook","class":"DefaultSynchronizer","message":"Stopping synchronizer","throwable":""}
{"timestamp":"2025-11-28T09:26:58,396","container":"461a3940cc3c","level":"INFO","thread":"BesuCommand-Shutdown-Hook","class":"NetworkRunner","message":"Stopping Network.","throwable":""}
{"timestamp":"2025-11-28T09:26:58,409","container":"461a3940cc3c","level":"INFO","thread":"BesuCommand-Shutdown-Hook","class":"EthProtocolManager","message":"Stopping eth Subprotocol.","throwable":""}
{"timestamp":"2025-11-28T09:26:58,509","container":"461a3940cc3c","level":"INFO","thread":"BesuCommand-Shutdown-Hook","class":"EthProtocolManager","message":"eth Subprotocol stopped.","throwable":""}
{"timestamp":"2025-11-28T09:26:58,510","container":"461a3940cc3c","level":"INFO","thread":"BesuCommand-Shutdown-Hook","class":"NetworkRunner","message":"Network stopped.","throwable":""}
{"timestamp":"2025-11-28T09:26:58,510","container":"461a3940cc3c","level":"INFO","thread":"BesuCommand-Shutdown-Hook","class":"AutoTransactionLogBloomCachingService","message":"Shutting down Auto transaction logs caching service.","throwable":""}
{"timestamp":"2025-11-28T09:26:58,512","container":"461a3940cc3c","level":"INFO","thread":"BesuCommand-Shutdown-Hook","class":"NatService","message":"No NAT environment detected so no service could be stopped","throwable":""}
