{"timestamp":"2025-11-28T09:26:44,826","container":"56860e81b3c0","level":"INFO","thread":"main","class":"Besu","message":"Starting Besu","throwable":""}
{"timestamp":"2025-11-28T09:26:45,632","container":"56860e81b3c0","level":"WARN","thread":"main","class":"Besu","message":"--min-gas-price has been ignored because --miner-enabled was not defined on the command line.","throwable":""}
{"timestamp":"2025-11-28T09:26:46,770","container":"56860e81b3c0","level":"INFO","thread":"main","class":"Besu","message":"
####################################################################################################
#                                                                                                  #
# Besu version 23.4.1                                                                              #
#                                                                                                  #
# Configuration:                                                                                   #
# Network: Custom genesis file specified                                                           #
# Network Id: 1337                                                                                 #
# Data storage: Forest                                                                             #
# Sync mode: Full                                                                                  #
# RPC HTTP APIs: EEA,WEB3,ETH,NET,TRACE,DEBUG,ADMIN,TXPOOL,PRIV,PERM,QBFT                          #
# RPC HTTP port: 8545                                                                              #
#                                                                                                  #
# Host:                                                                                            #
# Java: openjdk-java-17                                                                            #
# Maximum heap size: 3.81 GB                                                                       #
# OS: linux-x86_64                                                                                 #
# glibc: 2.35                                                                                      #
# jemalloc: 5.2.1-0-gea6b3e973b477b8061e0076bb257dbd7f3faa756                                      #
# Total memory: 15.25 GB                                                                           #
# CPU cores: 16                                                                                    #
#                                                                                                  #
####################################################################################################","throwable":""}
{"timestamp":"2025-11-28T09:26:46,771","container":"56860e81b3c0","level":"INFO","thread":"main","class":"Besu","message":"Connecting to 8 static nodes.","throwable":""}
{"timestamp":"2025-11-28T09:26:46,773","container":"56860e81b3c0","level":"INFO","thread":"main","class":"Besu","message":"Security Module: localfile","throwable":""}
{"timestamp":"2025-11-28T09:26:46,841","container":"56860e81b3c0","level":"INFO","thread":"main","class":"Besu","message":"Using the native implementation of alt bn128","throwable":""}
{"timestamp":"2025-11-28T09:26:46,903","container":"56860e81b3c0","level":"INFO","thread":"main","class":"Besu","message":"Using the native implementation of modexp","throwable":""}
{"timestamp":"2025-11-28T09:26:46,903","container":"56860e81b3c0","level":"INFO","thread":"main","class":"Besu","message":"Using the native implementation of the signature algorithm","throwable":""}
{"timestamp":"2025-11-28T09:26:46,914","container":"56860e81b3c0","level":"INFO","thread":"main","class":"Besu","message":"Using the native implementation of the blake2bf algorithm","throwable":""}
{"timestamp":"2025-11-28T09:26:46,952","container":"56860e81b3c0","level":"INFO","thread":"main","class":"RocksDBKeyValueStorageFactory","message":"No existing database detected at /opt/besu/data. Using version 1","throwable":""}
{"timestamp":"2025-11-28T09:26:49,004","container":"56860e81b3c0","level":"INFO","thread":"main","class":"KeyPairUtil","message":"Loaded public key 0xad2c79c6561bc8212c2e8382611c62e406e767d1f3106c68ca206900f575cb8ba9a8be111c645cd9803701d684454c782c40d2361b000a32ed03d26228b30ec1 from /opt/besu/keys/nodekey","throwable":""}
{"timestamp":"2025-11-28T09:26:49,013","container":"56860e81b3c0","level":"INFO","thread":"main","class":"RocksDBKeyValuePrivacyStorageFactory","message":"No existing private database detected at /opt/besu/data. Using version 1","throwable":""}
{"timestamp":"2025-11-28T09:26:49,706","container":"56860e81b3c0","level":"INFO","thread":"main","class":"ProtocolScheduleBuilder","message":"Protocol schedule created with milestones: [GrayGlacier: 0]","throwable":""}
{"timestamp":"2025-11-28T09:26:50,610","container":"56860e81b3c0","level":"INFO","thread":"main","class":"TransactionPoolFactory","message":"Enabling transaction pool","throwable":""}
{"timestamp":"2025-11-28T09:26:50,696","container":"56860e81b3c0","level":"INFO","thread":"main","class":"BesuControllerBuilder","message":"TTD difficulty is not present, creating initial sync phase for PoW","throwable":""}
{"timestamp":"2025-11-28T09:26:51,020","container":"56860e81b3c0","level":"INFO","thread":"main","class":"RunnerBuilder","message":"Detecting NAT service.","throwable":""}
{"timestamp":"2025-11-28T09:26:52,380","container":"56860e81b3c0","level":"INFO","thread":"main","class":"Runner","message":"Starting external services ... ","throwable":""}
{"timestamp":"2025-11-28T09:26:52,381","container":"56860e81b3c0","level":"INFO","thread":"main","class":"MetricsHttpService","message":"Starting metrics http service on 0.0.0.0:9545","throwable":""}
{"timestamp":"2025-11-28T09:26:52,563","container":"56860e81b3c0","level":"INFO","thread":"vert.x-eventloop-thread-2","class":"MetricsHttpService","message":"Metrics service started and listening on 0.0.0.0:9545","throwable":""}
{"timestamp":"2025-11-28T09:26:52,563","container":"56860e81b3c0","level":"INFO","thread":"main","class":"JsonRpcHttpService","message":"Starting JSON-RPC service on 0.0.0.0:8545","throwable":""}
{"timestamp":"2025-11-28T09:26:52,591","container":"56860e81b3c0","level":"INFO","thread":"vert.x-eventloop-thread-2","class":"JsonRpcHttpService","message":"JSON-RPC service started and listening on 0.0.0.0:8545","throwable":""}
{"timestamp":"2025-11-28T09:26:52,593","container":"56860e81b3c0","level":"INFO","thread":"main","class":"GraphQLHttpService","message":"Starting GraphQL HTTP service on 0.0.0.0:8547","throwable":""}
{"timestamp":"2025-11-28T09:26:52,596","container":"56860e81b3c0","level":"INFO","thread":"vert.x-eventloop-thread-2","class":"GraphQLHttpService","message":"GraphQL HTTP service started and listening on 0.0.0.0:8547","throwable":""}
{"timestamp":"2025-11-28T09:26:52,597","container":"56860e81b3c0","level":"INFO","thread":"main","class":"WebSocketService","message":"Starting Websocket service on 0.0.0.0:8546","throwable":""}
{"timestamp":"2025-11-28T09:26:52,601","container":"56860e81b3c0","level":"INFO","thread":"vert.x-eventloop-thread-2","class":"WebSocketService","message":"Websocket service started and listening on 0.0.0.0:8546","throwable":""}
{"timestamp":"2025-11-28T09:26:52,612","container":"56860e81b3c0","level":"INFO","thread":"main","class":"AutoTransactionLogBloomCachingService","message":"Starting auto transaction log bloom caching service.","throwable":""}
{"timestamp":"2025-11-28T09:26:52,616","container":"56860e81b3c0","level":"INFO","thread":"main","class":"LogBloomCacheMetadata","message":"Lookup cache metadata file in data directory: /opt/besu/data/caches","throwable":""}
{"timestamp":"2025-11-28T09:26:52,679","container":"56860e81b3c0","level":"INFO","thread":"main","class":"Runner","message":"Starting Ethereum main loop ... ","throwable":""}
{"timestamp":"2025-11-28T09:26:52,680","container":"56860e81b3c0","level":"INFO","thread":"main","class":"NatService","message":"No NAT environment detected so no service could be started","throwable":""}
{"timestamp":"2025-11-28T09:26:52,685","container":"56860e81b3c0","level":"INFO","thread":"main","class":"NetworkRunner","message":"Starting Network.","throwable":""}
{"timestamp":"2025-11-28T09:26:52,727","container":"56860e81b3c0","level":"INFO","thread":"nioEventLoopGroup-2-1","class":"RlpxAgent","message":"P2P RLPx agent started and listening on /[0:0:0:0:0:0:0:0]:30303.","throwable":""}
{"timestamp":"2025-11-28T09:26:52,735","container":"56860e81b3c0","level":"INFO","thread":"main","class":"PeerDiscoveryAgent","message":"Starting peer discovery agent on host=0.0.0.0, port=30303","throwable":""}
{"timestamp":"2025-11-28T09:26:52,806","container":"56860e81b3c0","level":"INFO","thread":"vert.x-eventloop-thread-2","class":"VertxPeerDiscoveryAgent","message":"Started peer discovery agent successfully, on effective host=0:0:0:0:0:0:0:0%0 and port=30303","throwable":""}
{"timestamp":"2025-11-28T09:26:52,810","container":"56860e81b3c0","level":"INFO","thread":"vert.x-eventloop-thread-2","class":"PeerDiscoveryAgent","message":"P2P peer discovery agent started and listening on /[0:0:0:0:0:0:0:0%0]:30303","throwable":""}
{"timestamp":"2025-11-28T09:26:52,850","container":"56860e81b3c0","level":"INFO","thread":"vert.x-eventloop-thread-2","class":"PeerDiscoveryAgent","message":"Writing node record to disk. NodeRecord{seq=1, publicKey=0x03ad2c79c6561bc8212c2e8382611c62e406e767d1f3106c68ca206900f575cb8b, udpAddress=Optional[/172.16.239.17:30303], tcpAddress=Optional[/172.16.239.17:30303], asBase64=-Je4QAxfNXFRtnLEsMRA4bY0Ht9yH1B1CiN_5AITXC5sET-5c4WY3cS028v3jDZEG6lHq1TZUKPYyPx8XqgptaZmG44Bg2V0aMfGhMw13_-AgmlkgnY0gmlwhKwQ7xGJc2VjcDI1NmsxoQOtLHnGVhvIISwug4JhHGLkBudn0fMQbGjKIGkA9XXLi4N0Y3CCdl-DdWRwgnZf, nodeId=0x77e699b8a5282fa3837e39b3e090a28b8a9d0a69ec259cb745036d5d1030e3ea, customFields={tcp=30303, udp=30303, ip=0xac10ef11, eth=[[0xcc35dfff, 0x]], id=V4, secp256k1=0x03ad2c79c6561bc8212c2e8382611c62e406e767d1f3106c68ca206900f575cb8b}}","throwable":""}
{"timestamp":"2025-11-28T09:26:52,902","container":"56860e81b3c0","level":"INFO","thread":"main","class":"DefaultP2PNetwork","message":"Enode URL enode://ad2c79c6561bc8212c2e8382611c62e406e767d1f3106c68ca206900f575cb8ba9a8be111c645cd9803701d684454c782c40d2361b000a32ed03d26228b30ec1@172.16.239.17:30303","throwable":""}
{"timestamp":"2025-11-28T09:26:52,902","container":"56860e81b3c0","level":"INFO","thread":"main","class":"DefaultP2PNetwork","message":"Node address 0xe090a28b8a9d0a69ec259cb745036d5d1030e3ea","throwable":""}
{"timestamp":"2025-11-28T09:26:53,032","container":"56860e81b3c0","level":"INFO","thread":"main","class":"NetworkRunner","message":"Supported capabilities: [eth/62, eth/63, eth/64, eth/65, eth/66, eth/67, eth/68], [istanbul/100], [snap/1]","throwable":""}
{"timestamp":"2025-11-28T09:26:53,057","container":"56860e81b3c0","level":"INFO","thread":"main","class":"DefaultSynchronizer","message":"Starting synchronizer.","throwable":""}
{"timestamp":"2025-11-28T09:26:53,061","container":"56860e81b3c0","level":"INFO","thread":"main","class":"TransactionPoolFactory","message":"Enabling transaction handling following initial sync","throwable":""}
{"timestamp":"2025-11-28T09:26:53,063","container":"56860e81b3c0","level":"INFO","thread":"main","class":"FullSyncDownloader","message":"Starting full sync.","throwable":""}
{"timestamp":"2025-11-28T09:26:53,063","container":"56860e81b3c0","level":"INFO","thread":"main","class":"FullSyncTargetManager","message":"Unable to find sync target. Currently checking 0 peers for usefulness","throwable":""}
{"timestamp":"2025-11-28T09:26:53,218","container":"56860e81b3c0","level":"INFO","thread":"main","class":"Runner","message":"Ethereum main loop is up.","throwable":""}
{"timestamp":"2025-11-28T09:26:53,682","container":"56860e81b3c0","level":"INFO","thread":"nioEventLoopGroup-3-9","class":"FullSyncTargetManager","message":"Unable to find sync target. Currently checking 3 peers for usefulness","throwable":""}
{"timestamp":"2025-11-28T09:26:53,962","container":"56860e81b3c0","level":"INFO","thread":"nioEventLoopGroup-3-4","class":"FullSyncTargetManager","message":"Unable to find sync target. Currently checking 4 peers for usefulness","throwable":""}
{"timestamp":"2025-11-28T09:26:53,986","container":"56860e81b3c0","level":"INFO","thread":"nioEventLoopGroup-3-5","class":"FullSyncTargetManager","message":"Unable to find sync target. Currently checking 5 peers for usefulness","throwable":""}
{"timestamp":"2025-11-28T09:26:54,044","container":"56860e81b3c0","level":"INFO","thread":"nioEventLoopGroup-3-3","class":"FullSyncTargetManager","message":"Unable to find sync target. Currently checking 6 peers for usefulness","throwable":""}
{"timestamp":"2025-11-28T09:26:54,248","container":"56860e81b3c0","level":"INFO","thread":"nioEventLoopGroup-3-4","class":"FullSyncTargetManager","message":"Unable to find sync target. Currently checking 7 peers for usefulness","throwable":""}
{"timestamp":"2025-11-28T09:26:54,398","container":"56860e81b3c0","level":"INFO","thread":"EthScheduler-Workers-0","class":"PersistBlockTask","message":"Imported #1 / 0 tx / 0 om / 0 (0.0%) gas / (0xf8a88821feaefe147596d26e5a737d63560f5d67843efce83a5940df53f89419) in 0.089s. Peers: 7","throwable":""}
{"timestamp":"2025-11-28T09:26:58,397","container":"56860e81b3c0","level":"INFO","thread":"BftProcessorExecutor-QBFT-0","class":"BftProcessor","message":"Shutting down BFT event processor","throwable":""}
{"timestamp":"2025-11-28T09:26:58,404","container":"56860e81b3c0","level":"INFO","thread":"BesuCommand-Shutdown-Hook","class":"DefaultSynchronizer","message":"Stopping synchronizer","throwable":""}
{"timestamp":"2025-11-28T09:26:58,408","container":"56860e81b3c0","level":"INFO","thread":"BesuCommand-Shutdown-Hook","class":"NetworkRunner","message":"Stopping Network.","throwable":""}
{"timestamp":"2025-11-28T09:26:58,420","container":"56860e81b3c0","level":"INFO","thread":"BesuCommand-Shutdown-Hook","class":"EthProtocolManager","message":"Stopping eth Subprotocol.","throwable":""}
{"timestamp":"2025-11-28T09:26:58,438","container":"56860e81b3c0","level":"INFO","thread":"BesuCommand-Shutdown-Hook","class":"EthProtocolManager","message":"eth Subprotocol stopped.","throwable":""}
{"timestamp":"2025-11-28T09:26:58,439","container":"56860e81b3c0","level":"INFO","thread":"BesuCommand-Shutdown-Hook","class":"NetworkRunner","message":"Network stopped.","throwable":""}
{"timestamp":"2025-11-28T09:26:58,439","container":"56860e81b3c0","level":"INFO","thread":"BesuCommand-Shutdown-Hook","class":"AutoTransactionLogBloomCachingService","message":"Shutting down Auto transaction logs caching service.","throwable":""}
{"timestamp":"2025-11-28T09:26:58,440","container":"56860e81b3c0","level":"INFO","thread":"BesuCommand-Shutdown-Hook","class":"NatService","message":"No NAT environment detected so no service could be stopped","throwable":""}
